<?xml version="1.0" encoding="UTF-8"?>
<testsuite xmlns:xsi="http://www.w3.org/2001/XMLSchema-instance" xsi:noNamespaceSchemaLocation="https://maven.apache.org/surefire/maven-surefire-plugin/xsd/surefire-test-report-3.0.xsd" version="3.0" name="com.example.RegisterLogIn.RegisterLogInApplicationTests" time="8.721" tests="1" errors="0" skipped="0" failures="0">
  <properties>
[...]
</properties>
  <testcase name="contextLoads" classname="com.example.RegisterLogIn.RegisterLogInApplicationTests" time="0.801">
    <system-out><![CDATA[14:10:09.819 [main] INFO org.springframework.test.context.support.AnnotationConfigContextLoaderUtils -- Could not detect default configuration classes for test class [com.example.RegisterLogIn.RegisterLogInApplicationTests]: RegisterLogInApplicationTests does not declare any static, non-private, non-final, nested classes annotated with @Configuration.
14:10:09.937 [main] INFO org.springframework.boot.test.context.SpringBootTestContextBootstrapper -- Found @SpringBootConfiguration com.example.RegisterLogIn.RegisterLogInApplication for test class com.example.RegisterLogIn.RegisterLogInApplicationTests

  .   ____          _            __ _ _
 /\\ / ___'_ __ _ _(_)_ __  __ _ \ \ \ \
( ( )\___ | '_ | '_| | '_ \/ _` | \ \ \ \
 \\/  ___)| |_)| | | | | || (_| |  ) ) ) )
  '  |____| .__|_| |_|_| |_\__, | / / / /
 =========|_|==============|___/=/_/_/_/

 :: Spring Boot ::                (v3.3.3)

2024-09-30T14:10:10.463+02:00 DEBUG 18492 --- [RegisterLogIn] [kground-preinit] o.h.v.i.xml.config.ValidationXmlParser   : Trying to load META-INF/validation.xml for XML based Validator configuration.
2024-09-30T14:10:10.469+02:00 DEBUG 18492 --- [RegisterLogIn] [kground-preinit] o.h.v.i.xml.config.ResourceLoaderHelper  : Trying to load META-INF/validation.xml via TCCL
2024-09-30T14:10:10.470+02:00 DEBUG 18492 --- [RegisterLogIn] [kground-preinit] o.h.v.i.xml.config.ResourceLoaderHelper  : Trying to load META-INF/validation.xml via Hibernate Validator's class loader
2024-09-30T14:10:10.470+02:00 DEBUG 18492 --- [RegisterLogIn] [kground-preinit] o.h.v.i.xml.config.ValidationXmlParser   : No META-INF/validation.xml found. Using annotation based configuration only.
2024-09-30T14:10:10.475+02:00 DEBUG 18492 --- [RegisterLogIn] [kground-preinit] o.h.v.i.e.resolver.TraversableResolvers  : Found jakarta.persistence.Persistence on classpath containing 'getPersistenceUtil'. Assuming JPA 2 environment. Trying to instantiate JPA aware TraversableResolver
2024-09-30T14:10:10.476+02:00 DEBUG 18492 --- [RegisterLogIn] [kground-preinit] o.h.v.i.e.resolver.TraversableResolvers  : Instantiated JPA aware TraversableResolver of type org.hibernate.validator.internal.engine.resolver.JPATraversableResolver.
2024-09-30T14:10:10.484+02:00  INFO 18492 --- [RegisterLogIn] [           main] c.e.R.RegisterLogInApplicationTests      : Starting RegisterLogInApplicationTests using Java 21.0.3 with PID 18492 (started by T14 GEN 3 in C:\Users\T14 GEN 3\Downloads\RegisterLogIn\RegisterLogIn)
2024-09-30T14:10:10.485+02:00  INFO 18492 --- [RegisterLogIn] [           main] c.e.R.RegisterLogInApplicationTests      : No active profile set, falling back to 1 default profile: "default"
2024-09-30T14:10:10.485+02:00 DEBUG 18492 --- [RegisterLogIn] [           main] o.s.boot.SpringApplication               : Loading source class com.example.RegisterLogIn.RegisterLogInApplication
2024-09-30T14:10:10.511+02:00 DEBUG 18492 --- [RegisterLogIn] [kground-preinit] .h.v.m.ResourceBundleMessageInterpolator : Loaded expression factory via original TCCL
2024-09-30T14:10:10.528+02:00 DEBUG 18492 --- [RegisterLogIn] [           main] o.s.w.c.s.GenericWebApplicationContext   : Refreshing org.springframework.web.context.support.GenericWebApplicationContext@320e400
2024-09-30T14:10:10.562+02:00 DEBUG 18492 --- [RegisterLogIn] [           main] o.s.b.f.s.DefaultListableBeanFactory     : Creating shared instance of singleton bean 'org.springframework.context.annotation.internalConfigurationAnnotationProcessor'
2024-09-30T14:10:10.580+02:00 DEBUG 18492 --- [RegisterLogIn] [           main] o.s.b.f.s.DefaultListableBeanFactory     : Creating shared instance of singleton bean 'org.springframework.boot.autoconfigure.internalCachingMetadataReaderFactory'
2024-09-30T14:10:10.661+02:00 DEBUG 18492 --- [RegisterLogIn] [           main] o.s.c.a.ClassPathBeanDefinitionScanner   : Identified candidate component class: file [C:\Users\T14 GEN 3\Downloads\RegisterLogIn\RegisterLogIn\target\classes\com\example\RegisterLogIn\config\SecurityConfiguration.class]
2024-09-30T14:10:10.669+02:00 DEBUG 18492 --- [RegisterLogIn] [           main] o.s.c.a.ClassPathBeanDefinitionScanner   : Ignored because not a concrete top-level class: file [C:\Users\T14 GEN 3\Downloads\RegisterLogIn\RegisterLogIn\target\classes\com\example\RegisterLogIn\Repository\UserRepository.class]
2024-09-30T14:10:10.671+02:00 DEBUG 18492 --- [RegisterLogIn] [           main] o.s.c.a.ClassPathBeanDefinitionScanner   : Identified candidate component class: file [C:\Users\T14 GEN 3\Downloads\RegisterLogIn\RegisterLogIn\target\classes\com\example\RegisterLogIn\Service\UserAccountService.class]
2024-09-30T14:10:10.673+02:00 DEBUG 18492 --- [RegisterLogIn] [           main] o.s.c.a.ClassPathBeanDefinitionScanner   : Identified candidate component class: file [C:\Users\T14 GEN 3\Downloads\RegisterLogIn\RegisterLogIn\target\classes\com\example\RegisterLogIn\Service\UserServiceImpl.class]
2024-09-30T14:10:10.691+02:00 DEBUG 18492 --- [RegisterLogIn] [           main] o.s.c.a.ClassPathBeanDefinitionScanner   : Identified candidate component class: file [C:\Users\T14 GEN 3\Downloads\RegisterLogIn\RegisterLogIn\target\classes\com\example\RegisterLogIn\Web\MainController.class]
2024-09-30T14:10:10.693+02:00 DEBUG 18492 --- [RegisterLogIn] [           main] o.s.c.a.ClassPathBeanDefinitionScanner   : Identified candidate component class: file [C:\Users\T14 GEN 3\Downloads\RegisterLogIn\RegisterLogIn\target\classes\com\example\RegisterLogIn\Web\UserAccountController.class]
2024-09-30T14:10:10.696+02:00 DEBUG 18492 --- [RegisterLogIn] [           main] o.s.c.a.ClassPathBeanDefinitionScanner   : Identified candidate component class: file [C:\Users\T14 GEN 3\Downloads\RegisterLogIn\RegisterLogIn\target\classes\com\example\RegisterLogIn\Web\UserRegistrationController.class]
2024-09-30T14:10:10.699+02:00 DEBUG 18492 --- [RegisterLogIn] [kground-preinit] .i.e.ValidatorFactoryConfigurationHelper : HV000252: Using org.hibernate.validator.internal.engine.DefaultPropertyNodeNameProvider as property node name provider.
2024-09-30T14:10:10.713+02:00 DEBUG 18492 --- [RegisterLogIn] [kground-preinit] .i.e.ValidatorFactoryConfigurationHelper : HV000234: Using org.hibernate.validator.messageinterpolation.ResourceBundleMessageInterpolator as ValidatorFactory-scoped message interpolator.
2024-09-30T14:10:10.713+02:00 DEBUG 18492 --- [RegisterLogIn] [kground-preinit] .i.e.ValidatorFactoryConfigurationHelper : HV000234: Using org.hibernate.validator.internal.engine.resolver.JPATraversableResolver as ValidatorFactory-scoped traversable resolver.
2024-09-30T14:10:10.714+02:00 DEBUG 18492 --- [RegisterLogIn] [kground-preinit] .i.e.ValidatorFactoryConfigurationHelper : HV000234: Using org.hibernate.validator.internal.util.ExecutableParameterNameProvider as ValidatorFactory-scoped parameter name provider.
2024-09-30T14:10:10.714+02:00 DEBUG 18492 --- [RegisterLogIn] [kground-preinit] .i.e.ValidatorFactoryConfigurationHelper : HV000234: Using org.hibernate.validator.internal.engine.DefaultClockProvider as ValidatorFactory-scoped clock provider.
2024-09-30T14:10:10.714+02:00 DEBUG 18492 --- [RegisterLogIn] [kground-preinit] .i.e.ValidatorFactoryConfigurationHelper : HV000234: Using org.hibernate.validator.internal.engine.scripting.DefaultScriptEvaluatorFactory as ValidatorFactory-scoped script evaluator factory.
2024-09-30T14:10:11.732+02:00  INFO 18492 --- [RegisterLogIn] [           main] .s.d.r.c.RepositoryConfigurationDelegate : Bootstrapping Spring Data JPA repositories in DEFAULT mode.
2024-09-30T14:10:11.747+02:00 DEBUG 18492 --- [RegisterLogIn] [           main] o.s.b.f.s.DefaultListableBeanFactory     : Creating shared instance of singleton bean 'org.springframework.boot.autoconfigure.AutoConfigurationPackages'
2024-09-30T14:10:11.754+02:00 DEBUG 18492 --- [RegisterLogIn] [           main] o.s.b.a.AutoConfigurationPackages        : @EnableAutoConfiguration was declared on a class in the package 'com.example.RegisterLogIn'. Automatic @Repository and @Entity scanning is enabled.
2024-09-30T14:10:11.756+02:00 DEBUG 18492 --- [RegisterLogIn] [           main] .s.d.r.c.RepositoryConfigurationDelegate : Scanning for JPA repositories in packages com.example.RegisterLogIn.
2024-09-30T14:10:11.764+02:00 DEBUG 18492 --- [RegisterLogIn] [           main] o.s.d.r.c.RepositoryComponentProvider    : Identified candidate component class: file [C:\Users\T14 GEN 3\Downloads\RegisterLogIn\RegisterLogIn\target\classes\com\example\RegisterLogIn\Repository\UserRepository.class]
2024-09-30T14:10:11.791+02:00 DEBUG 18492 --- [RegisterLogIn] [           main] ssPathScanningCandidateComponentProvider : Identified candidate component class: file [C:\Users\T14 GEN 3\Downloads\RegisterLogIn\RegisterLogIn\target\classes\com\example\RegisterLogIn\Service\UserServiceImpl.class]
2024-09-30T14:10:11.812+02:00  INFO 18492 --- [RegisterLogIn] [           main] .s.d.r.c.RepositoryConfigurationDelegate : Finished Spring Data repository scanning in 55 ms. Found 1 JPA repository interface.
2024-09-30T14:10:11.966+02:00 DEBUG 18492 --- [RegisterLogIn] [           main] o.s.b.f.s.DefaultListableBeanFactory     : Creating shared instance of singleton bean 'springSecurityHandlerMappingIntrospectorBeanDefinitionRegistryPostProcessor'
2024-09-30T14:10:12.062+02:00 DEBUG 18492 --- [RegisterLogIn] [           main] o.s.b.f.s.DefaultListableBeanFactory     : Creating shared instance of singleton bean 'propertySourcesPlaceholderConfigurer'
2024-09-30T14:10:12.066+02:00 DEBUG 18492 --- [RegisterLogIn] [           main] o.s.b.f.s.DefaultListableBeanFactory     : Creating shared instance of singleton bean 'org.springframework.boot.test.mock.mockito.MockitoPostProcessor'
2024-09-30T14:10:12.067+02:00 DEBUG 18492 --- [RegisterLogIn] [           main] o.s.b.f.s.DefaultListableBeanFactory     : Creating shared instance of singleton bean 'emBeanDefinitionRegistrarPostProcessor'
2024-09-30T14:10:12.067+02:00 DEBUG 18492 --- [RegisterLogIn] [           main] o.s.b.f.s.DefaultListableBeanFactory     : Creating shared instance of singleton bean 'org.springframework.boot.sql.init.dependency.DatabaseInitializationDependencyConfigurer$DependsOnDatabaseInitializationPostProcessor'
2024-09-30T14:10:12.111+02:00 DEBUG 18492 --- [RegisterLogIn] [           main] o.s.b.f.s.DefaultListableBeanFactory     : Creating shared instance of singleton bean 'org.springframework.context.event.internalEventListenerProcessor'
2024-09-30T14:10:12.113+02:00 DEBUG 18492 --- [RegisterLogIn] [           main] o.s.b.f.s.DefaultListableBeanFactory     : Creating shared instance of singleton bean 'conversionServicePostProcessor'
2024-09-30T14:10:12.121+02:00 DEBUG 18492 --- [RegisterLogIn] [           main] o.s.b.f.s.DefaultListableBeanFactory     : Creating shared instance of singleton bean 'preserveErrorControllerTargetClassPostProcessor'
2024-09-30T14:10:12.122+02:00 DEBUG 18492 --- [RegisterLogIn] [           main] o.s.b.f.s.DefaultListableBeanFactory     : Creating shared instance of singleton bean 'org.springframework.context.event.internalEventListenerFactory'
2024-09-30T14:10:12.122+02:00 DEBUG 18492 --- [RegisterLogIn] [           main] o.s.b.f.s.DefaultListableBeanFactory     : Creating shared instance of singleton bean 'org.springframework.transaction.config.internalTransactionalEventListenerFactory'
2024-09-30T14:10:12.125+02:00 DEBUG 18492 --- [RegisterLogIn] [           main] o.s.b.f.s.DefaultListableBeanFactory     : Creating shared instance of singleton bean 'org.springframework.boot.test.mock.mockito.MockitoPostProcessor$SpyPostProcessor'
2024-09-30T14:10:12.126+02:00 DEBUG 18492 --- [RegisterLogIn] [           main] o.s.b.f.s.DefaultListableBeanFactory     : Creating shared instance of singleton bean 'org.springframework.context.annotation.internalAutowiredAnnotationProcessor'
2024-09-30T14:10:12.128+02:00 DEBUG 18492 --- [RegisterLogIn] [           main] o.s.b.f.s.DefaultListableBeanFactory     : Creating shared instance of singleton bean 'org.springframework.context.annotation.internalCommonAnnotationProcessor'
2024-09-30T14:10:12.130+02:00 DEBUG 18492 --- [RegisterLogIn] [           main] o.s.b.f.s.DefaultListableBeanFactory     : Creating shared instance of singleton bean 'org.springframework.context.annotation.internalPersistenceAnnotationProcessor'
2024-09-30T14:10:12.130+02:00 DEBUG 18492 --- [RegisterLogIn] [           main] o.s.b.f.s.DefaultListableBeanFactory     : Creating shared instance of singleton bean 'org.springframework.boot.context.properties.ConfigurationPropertiesBindingPostProcessor'
2024-09-30T14:10:12.131+02:00 DEBUG 18492 --- [RegisterLogIn] [           main] o.s.b.f.s.DefaultListableBeanFactory     : Creating shared instance of singleton bean 'org.springframework.boot.context.internalConfigurationPropertiesBinder'
2024-09-30T14:10:12.134+02:00 DEBUG 18492 --- [RegisterLogIn] [           main] o.s.b.f.s.DefaultListableBeanFactory     : Creating shared instance of singleton bean 'jdbcConnectionDetailsHikariBeanPostProcessor'
2024-09-30T14:10:12.140+02:00 DEBUG 18492 --- [RegisterLogIn] [           main] o.s.b.f.s.DefaultListableBeanFactory     : Creating shared instance of singleton bean 'methodValidationPostProcessor'
2024-09-30T14:10:12.149+02:00 DEBUG 18492 --- [RegisterLogIn] [           main] o.s.b.f.s.DefaultListableBeanFactory     : Autowiring by type from bean name 'methodValidationPostProcessor' via factory method to bean named 'environment'
2024-09-30T14:10:12.151+02:00 DEBUG 18492 --- [RegisterLogIn] [           main] o.s.b.f.s.DefaultListableBeanFactory     : Creating shared instance of singleton bean 'org.springframework.boot.context.properties.EnableConfigurationPropertiesRegistrar.methodValidationExcludeFilter'
2024-09-30T14:10:12.183+02:00 DEBUG 18492 --- [RegisterLogIn] [           main] o.s.b.f.s.DefaultListableBeanFactory     : Creating shared instance of singleton bean 'org.springframework.aop.config.internalAutoProxyCreator'
2024-09-30T14:10:12.196+02:00 DEBUG 18492 --- [RegisterLogIn] [           main] o.s.b.f.s.DefaultListableBeanFactory     : Creating shared instance of singleton bean 'persistenceExceptionTranslationPostProcessor'
2024-09-30T14:10:12.197+02:00 DEBUG 18492 --- [RegisterLogIn] [           main] o.s.b.f.s.DefaultListableBeanFactory     : Autowiring by type from bean name 'persistenceExceptionTranslationPostProcessor' via factory method to bean named 'environment'
2024-09-30T14:10:12.199+02:00 DEBUG 18492 --- [RegisterLogIn] [           main] o.s.b.f.s.DefaultListableBeanFactory     : Creating shared instance of singleton bean 'webServerFactoryCustomizerBeanPostProcessor'
2024-09-30T14:10:12.200+02:00 DEBUG 18492 --- [RegisterLogIn] [           main] o.s.b.f.s.DefaultListableBeanFactory     : Creating shared instance of singleton bean 'errorPageRegistrarBeanPostProcessor'
2024-09-30T14:10:12.200+02:00 DEBUG 18492 --- [RegisterLogIn] [           main] o.s.b.f.s.DefaultListableBeanFactory     : Creating shared instance of singleton bean 'projectingArgumentResolverBeanPostProcessor'
2024-09-30T14:10:12.202+02:00 DEBUG 18492 --- [RegisterLogIn] [           main] o.s.b.f.s.DefaultListableBeanFactory     : Creating shared instance of singleton bean 'org.springframework.transaction.config.internalTransactionAdvisor'
2024-09-30T14:10:12.202+02:00 DEBUG 18492 --- [RegisterLogIn] [           main] o.s.b.f.s.DefaultListableBeanFactory     : Creating shared instance of singleton bean 'org.springframework.transaction.annotation.ProxyTransactionManagementConfiguration'
2024-09-30T14:10:12.215+02:00 DEBUG 18492 --- [RegisterLogIn] [           main] o.s.b.f.s.DefaultListableBeanFactory     : Creating shared instance of singleton bean 'transactionAttributeSource'
2024-09-30T14:10:12.216+02:00 DEBUG 18492 --- [RegisterLogIn] [           main] o.s.b.f.s.DefaultListableBeanFactory     : Creating shared instance of singleton bean 'transactionInterceptor'
2024-09-30T14:10:12.216+02:00 DEBUG 18492 --- [RegisterLogIn] [           main] o.s.b.f.s.DefaultListableBeanFactory     : Autowiring by type from bean name 'transactionInterceptor' via factory method to bean named 'transactionAttributeSource'
2024-09-30T14:10:12.228+02:00 DEBUG 18492 --- [RegisterLogIn] [           main] o.s.b.f.s.DefaultListableBeanFactory     : Autowiring by type from bean name 'org.springframework.transaction.config.internalTransactionAdvisor' via factory method to bean named 'transactionAttributeSource'
2024-09-30T14:10:12.228+02:00 DEBUG 18492 --- [RegisterLogIn] [           main] o.s.b.f.s.DefaultListableBeanFactory     : Autowiring by type from bean name 'org.springframework.transaction.config.internalTransactionAdvisor' via factory method to bean named 'transactionInterceptor'
2024-09-30T14:10:12.291+02:00 DEBUG 18492 --- [RegisterLogIn] [           main] o.s.u.c.s.UiApplicationContextUtils      : Unable to locate ThemeSource with name 'themeSource': using default [org.springframework.ui.context.support.ResourceBundleThemeSource@3610f277]
2024-09-30T14:10:12.292+02:00 DEBUG 18492 --- [RegisterLogIn] [           main] o.s.b.f.s.DefaultListableBeanFactory     : Creating shared instance of singleton bean 'dataSourceScriptDatabaseInitializer'
2024-09-30T14:10:12.293+02:00 DEBUG 18492 --- [RegisterLogIn] [           main] o.s.b.f.s.DefaultListableBeanFactory     : Creating shared instance of singleton bean 'org.springframework.boot.autoconfigure.sql.init.DataSourceInitializationConfiguration'
2024-09-30T14:10:12.294+02:00 DEBUG 18492 --- [RegisterLogIn] [           main] o.s.b.f.s.DefaultListableBeanFactory     : Creating shared instance of singleton bean 'dataSource'
2024-09-30T14:10:12.294+02:00 DEBUG 18492 --- [RegisterLogIn] [           main] o.s.b.f.s.DefaultListableBeanFactory     : Creating shared instance of singleton bean 'org.springframework.boot.autoconfigure.jdbc.DataSourceConfiguration$Hikari'
2024-09-30T14:10:12.295+02:00 DEBUG 18492 --- [RegisterLogIn] [           main] o.s.b.f.s.DefaultListableBeanFactory     : Creating shared instance of singleton bean 'spring.datasource-org.springframework.boot.autoconfigure.jdbc.DataSourceProperties'
2024-09-30T14:10:12.297+02:00 DEBUG 18492 --- [RegisterLogIn] [           main] o.s.b.f.s.DefaultListableBeanFactory     : Creating shared instance of singleton bean 'org.springframework.boot.context.properties.BoundConfigurationProperties'
2024-09-30T14:10:12.334+02:00 DEBUG 18492 --- [RegisterLogIn] [           main] o.s.b.f.s.DefaultListableBeanFactory     : Creating shared instance of singleton bean 'jdbcConnectionDetails'
2024-09-30T14:10:12.334+02:00 DEBUG 18492 --- [RegisterLogIn] [           main] o.s.b.f.s.DefaultListableBeanFactory     : Creating shared instance of singleton bean 'org.springframework.boot.autoconfigure.jdbc.DataSourceAutoConfiguration$PooledDataSourceConfiguration'
2024-09-30T14:10:12.335+02:00 DEBUG 18492 --- [RegisterLogIn] [           main] o.s.b.f.s.DefaultListableBeanFactory     : Autowiring by type from bean name 'jdbcConnectionDetails' via factory method to bean named 'spring.datasource-org.springframework.boot.autoconfigure.jdbc.DataSourceProperties'
2024-09-30T14:10:12.337+02:00 DEBUG 18492 --- [RegisterLogIn] [           main] o.s.b.f.s.DefaultListableBeanFactory     : Autowiring by type from bean name 'dataSource' via factory method to bean named 'spring.datasource-org.springframework.boot.autoconfigure.jdbc.DataSourceProperties'
2024-09-30T14:10:12.337+02:00 DEBUG 18492 --- [RegisterLogIn] [           main] o.s.b.f.s.DefaultListableBeanFactory     : Autowiring by type from bean name 'dataSource' via factory method to bean named 'jdbcConnectionDetails'
2024-09-30T14:10:12.385+02:00 DEBUG 18492 --- [RegisterLogIn] [           main] o.s.b.f.s.DefaultListableBeanFactory     : Creating shared instance of singleton bean 'spring.sql.init-org.springframework.boot.autoconfigure.sql.init.SqlInitializationProperties'
2024-09-30T14:10:12.388+02:00 DEBUG 18492 --- [RegisterLogIn] [           main] o.s.b.f.s.DefaultListableBeanFactory     : Autowiring by type from bean name 'dataSourceScriptDatabaseInitializer' via factory method to bean named 'dataSource'
2024-09-30T14:10:12.388+02:00 DEBUG 18492 --- [RegisterLogIn] [           main] o.s.b.f.s.DefaultListableBeanFactory     : Autowiring by type from bean name 'dataSourceScriptDatabaseInitializer' via factory method to bean named 'spring.sql.init-org.springframework.boot.autoconfigure.sql.init.SqlInitializationProperties'
2024-09-30T14:10:12.402+02:00 DEBUG 18492 --- [RegisterLogIn] [           main] o.s.b.f.s.DefaultListableBeanFactory     : Creating shared instance of singleton bean 'entityManagerFactory'
2024-09-30T14:10:12.403+02:00 DEBUG 18492 --- [RegisterLogIn] [           main] o.s.b.f.s.DefaultListableBeanFactory     : Creating shared instance of singleton bean 'org.springframework.boot.autoconfigure.orm.jpa.HibernateJpaConfiguration'
2024-09-30T14:10:12.404+02:00 DEBUG 18492 --- [RegisterLogIn] [           main] o.s.b.f.s.DefaultListableBeanFactory     : Creating shared instance of singleton bean 'spring.jpa-org.springframework.boot.autoconfigure.orm.jpa.JpaProperties'
2024-09-30T14:10:12.407+02:00 DEBUG 18492 --- [RegisterLogIn] [           main] o.s.b.f.s.DefaultListableBeanFactory     : Creating shared instance of singleton bean 'spring.jpa.hibernate-org.springframework.boot.autoconfigure.orm.jpa.HibernateProperties'
2024-09-30T14:10:12.409+02:00 DEBUG 18492 --- [RegisterLogIn] [           main] o.s.b.f.s.DefaultListableBeanFactory     : Autowiring by type from bean name 'org.springframework.boot.autoconfigure.orm.jpa.HibernateJpaConfiguration' via constructor to bean named 'dataSource'
2024-09-30T14:10:12.409+02:00 DEBUG 18492 --- [RegisterLogIn] [           main] o.s.b.f.s.DefaultListableBeanFactory     : Autowiring by type from bean name 'org.springframework.boot.autoconfigure.orm.jpa.HibernateJpaConfiguration' via constructor to bean named 'spring.jpa-org.springframework.boot.autoconfigure.orm.jpa.JpaProperties'
2024-09-30T14:10:12.410+02:00 DEBUG 18492 --- [RegisterLogIn] [           main] o.s.b.f.s.DefaultListableBeanFactory     : Autowiring by type from bean name 'org.springframework.boot.autoconfigure.orm.jpa.HibernateJpaConfiguration' via constructor to bean named 'org.springframework.beans.factory.support.DefaultListableBeanFactory@81ff872'
2024-09-30T14:10:12.410+02:00 DEBUG 18492 --- [RegisterLogIn] [           main] o.s.b.f.s.DefaultListableBeanFactory     : Autowiring by type from bean name 'org.springframework.boot.autoconfigure.orm.jpa.HibernateJpaConfiguration' via constructor to bean named 'spring.jpa.hibernate-org.springframework.boot.autoconfigure.orm.jpa.HibernateProperties'
2024-09-30T14:10:12.414+02:00 DEBUG 18492 --- [RegisterLogIn] [           main] o.s.b.f.s.DefaultListableBeanFactory     : Creating shared instance of singleton bean 'hikariPoolDataSourceMetadataProvider'
2024-09-30T14:10:12.415+02:00 DEBUG 18492 --- [RegisterLogIn] [           main] o.s.b.f.s.DefaultListableBeanFactory     : Creating shared instance of singleton bean 'org.springframework.boot.autoconfigure.jdbc.metadata.DataSourcePoolMetadataProvidersConfiguration$HikariPoolDataSourceMetadataProviderConfiguration'
2024-09-30T14:10:12.422+02:00 DEBUG 18492 --- [RegisterLogIn] [           main] o.s.b.f.s.DefaultListableBeanFactory     : Creating shared instance of singleton bean 'entityManagerFactoryBuilder'
2024-09-30T14:10:12.424+02:00 DEBUG 18492 --- [RegisterLogIn] [           main] o.s.b.f.s.DefaultListableBeanFactory     : Creating shared instance of singleton bean 'jpaVendorAdapter'
2024-09-30T14:10:12.449+02:00 DEBUG 18492 --- [RegisterLogIn] [           main] o.s.b.f.s.DefaultListableBeanFactory     : Autowiring by type from bean name 'entityManagerFactoryBuilder' via factory method to bean named 'jpaVendorAdapter'
2024-09-30T14:10:12.454+02:00 DEBUG 18492 --- [RegisterLogIn] [           main] o.s.b.f.s.DefaultListableBeanFactory     : Creating shared instance of singleton bean 'persistenceManagedTypes'
2024-09-30T14:10:12.456+02:00 DEBUG 18492 --- [RegisterLogIn] [           main] o.s.b.f.s.DefaultListableBeanFactory     : Autowiring by type from bean name 'persistenceManagedTypes' via factory method to bean named 'org.springframework.beans.factory.support.DefaultListableBeanFactory@81ff872'
2024-09-30T14:10:12.456+02:00 DEBUG 18492 --- [RegisterLogIn] [           main] o.s.b.f.s.DefaultListableBeanFactory     : Autowiring by type from bean name 'persistenceManagedTypes' via factory method to bean named 'org.springframework.web.context.support.GenericWebApplicationContext@320e400'
2024-09-30T14:10:12.479+02:00 DEBUG 18492 --- [RegisterLogIn] [           main] o.s.b.f.s.DefaultListableBeanFactory     : Autowiring by type from bean name 'entityManagerFactory' via factory method to bean named 'entityManagerFactoryBuilder'
2024-09-30T14:10:12.479+02:00 DEBUG 18492 --- [RegisterLogIn] [           main] o.s.b.f.s.DefaultListableBeanFactory     : Autowiring by type from bean name 'entityManagerFactory' via factory method to bean named 'persistenceManagedTypes'
2024-09-30T14:10:12.516+02:00 DEBUG 18492 --- [RegisterLogIn] [           main] j.LocalContainerEntityManagerFactoryBean : Building JPA container EntityManagerFactory for persistence unit 'default'
2024-09-30T14:10:12.559+02:00 DEBUG 18492 --- [RegisterLogIn] [           main] o.hibernate.jpa.internal.util.LogHelper  : PersistenceUnitInfo [
	name: default
	persistence provider classname: null
	classloader: jdk.internal.loader.ClassLoaders$AppClassLoader@70dea4e
	excludeUnlistedClasses: true
	JTA datasource: null
	Non JTA datasource: HikariDataSource (null)
	Transaction type: RESOURCE_LOCAL
	PU root URL: file:/C:/Users/T14%20GEN%203/Downloads/RegisterLogIn/RegisterLogIn/target/test-classes/
	Shared Cache Mode: UNSPECIFIED
	Validation Mode: AUTO
	Jar files URLs []
	Managed classes names [
		com.example.RegisterLogIn.Model.Role
		com.example.RegisterLogIn.Model.User]
	Mapping files names []
	Properties []
2024-09-30T14:10:12.581+02:00 DEBUG 18492 --- [RegisterLogIn] [           main] o.h.i.internal.IntegratorServiceImpl     : Adding Integrator [org.hibernate.boot.beanvalidation.BeanValidationIntegrator].
2024-09-30T14:10:12.584+02:00 DEBUG 18492 --- [RegisterLogIn] [           main] o.h.i.internal.IntegratorServiceImpl     : Adding Integrator [org.hibernate.cache.internal.CollectionCacheInvalidator].
2024-09-30T14:10:12.681+02:00  INFO 18492 --- [RegisterLogIn] [           main] org.hibernate.Version                    : HHH000412: Hibernate ORM core version 6.5.2.Final
2024-09-30T14:10:12.684+02:00 DEBUG 18492 --- [RegisterLogIn] [           main] org.hibernate.cfg.Environment            : HHH000206: 'hibernate.properties' not found
2024-09-30T14:10:12.718+02:00 DEBUG 18492 --- [RegisterLogIn] [           main] org.hibernate.orm.idgen.factory          : Registering IdentifierGenerator strategy [uuid2] -> [org.hibernate.id.UUIDGenerator]
2024-09-30T14:10:12.719+02:00 DEBUG 18492 --- [RegisterLogIn] [           main] org.hibernate.orm.idgen.factory          : Registering IdentifierGenerator strategy [guid] -> [org.hibernate.id.GUIDGenerator]
2024-09-30T14:10:12.720+02:00 DEBUG 18492 --- [RegisterLogIn] [           main] org.hibernate.orm.idgen.factory          : Registering IdentifierGenerator strategy [uuid] -> [org.hibernate.id.UUIDHexGenerator]
2024-09-30T14:10:12.720+02:00 DEBUG 18492 --- [RegisterLogIn] [           main] org.hibernate.orm.idgen.factory          : Registering IdentifierGenerator strategy [uuid.hex] -> [org.hibernate.id.UUIDHexGenerator]
2024-09-30T14:10:12.722+02:00 DEBUG 18492 --- [RegisterLogIn] [           main] org.hibernate.orm.idgen.factory          : Registering IdentifierGenerator strategy [assigned] -> [org.hibernate.id.Assigned]
2024-09-30T14:10:12.723+02:00 DEBUG 18492 --- [RegisterLogIn] [           main] org.hibernate.orm.idgen.factory          : Registering IdentifierGenerator strategy [identity] -> [org.hibernate.id.IdentityGenerator]
2024-09-30T14:10:12.723+02:00 DEBUG 18492 --- [RegisterLogIn] [           main] org.hibernate.orm.idgen.factory          : Registering IdentifierGenerator strategy [select] -> [org.hibernate.id.SelectGenerator]
2024-09-30T14:10:12.724+02:00 DEBUG 18492 --- [RegisterLogIn] [           main] org.hibernate.orm.idgen.factory          : Registering IdentifierGenerator strategy [sequence] -> [org.hibernate.id.enhanced.SequenceStyleGenerator]
2024-09-30T14:10:12.725+02:00 DEBUG 18492 --- [RegisterLogIn] [           main] org.hibernate.orm.idgen.factory          : Registering IdentifierGenerator strategy [increment] -> [org.hibernate.id.IncrementGenerator]
2024-09-30T14:10:12.726+02:00 DEBUG 18492 --- [RegisterLogIn] [           main] org.hibernate.orm.idgen.factory          : Registering IdentifierGenerator strategy [foreign] -> [org.hibernate.id.ForeignGenerator]
2024-09-30T14:10:12.726+02:00 DEBUG 18492 --- [RegisterLogIn] [           main] org.hibernate.orm.idgen.factory          : Registering IdentifierGenerator strategy [enhanced-sequence] -> [org.hibernate.id.enhanced.SequenceStyleGenerator]
2024-09-30T14:10:12.727+02:00 DEBUG 18492 --- [RegisterLogIn] [           main] org.hibernate.orm.idgen.factory          : Registering IdentifierGenerator strategy [enhanced-table] -> [org.hibernate.id.enhanced.TableGenerator]
2024-09-30T14:10:12.740+02:00 DEBUG 18492 --- [RegisterLogIn] [           main] o.h.c.internal.RegionFactoryInitiator    : Cannot default RegionFactory based on registered strategies as `[]` RegionFactory strategies were registered
2024-09-30T14:10:12.744+02:00  INFO 18492 --- [RegisterLogIn] [           main] o.h.c.internal.RegionFactoryInitiator    : HHH000026: Second-level cache disabled
2024-09-30T14:10:12.955+02:00 DEBUG 18492 --- [RegisterLogIn] [           main] org.hibernate.type.BasicTypeRegistry     : Adding type registration boolean -> org.hibernate.type.BasicTypeReference@3709748f
2024-09-30T14:10:12.956+02:00 DEBUG 18492 --- [RegisterLogIn] [           main] org.hibernate.type.BasicTypeRegistry     : Adding type registration boolean -> org.hibernate.type.BasicTypeReference@3709748f
2024-09-30T14:10:12.956+02:00 DEBUG 18492 --- [RegisterLogIn] [           main] org.hibernate.type.BasicTypeRegistry     : Adding type registration java.lang.Boolean -> org.hibernate.type.BasicTypeReference@3709748f
2024-09-30T14:10:12.956+02:00 DEBUG 18492 --- [RegisterLogIn] [           main] org.hibernate.type.BasicTypeRegistry     : Adding type registration numeric_boolean -> org.hibernate.type.BasicTypeReference@79ecc507
2024-09-30T14:10:12.956+02:00 DEBUG 18492 --- [RegisterLogIn] [           main] org.hibernate.type.BasicTypeRegistry     : Adding type registration org.hibernate.type.NumericBooleanConverter -> org.hibernate.type.BasicTypeReference@79ecc507
2024-09-30T14:10:12.956+02:00 DEBUG 18492 --- [RegisterLogIn] [           main] org.hibernate.type.BasicTypeRegistry     : Adding type registration true_false -> org.hibernate.type.BasicTypeReference@6ef2f7ad
2024-09-30T14:10:12.956+02:00 DEBUG 18492 --- [RegisterLogIn] [           main] org.hibernate.type.BasicTypeRegistry     : Adding type registration org.hibernate.type.TrueFalseConverter -> org.hibernate.type.BasicTypeReference@6ef2f7ad
2024-09-30T14:10:12.957+02:00 DEBUG 18492 --- [RegisterLogIn] [           main] org.hibernate.type.BasicTypeRegistry     : Adding type registration yes_no -> org.hibernate.type.BasicTypeReference@22d477c2
2024-09-30T14:10:12.957+02:00 DEBUG 18492 --- [RegisterLogIn] [           main] org.hibernate.type.BasicTypeRegistry     : Adding type registration org.hibernate.type.YesNoConverter -> org.hibernate.type.BasicTypeReference@22d477c2
2024-09-30T14:10:12.957+02:00 DEBUG 18492 --- [RegisterLogIn] [           main] org.hibernate.type.BasicTypeRegistry     : Adding type registration byte -> org.hibernate.type.BasicTypeReference@5e85c21b
2024-09-30T14:10:12.957+02:00 DEBUG 18492 --- [RegisterLogIn] [           main] org.hibernate.type.BasicTypeRegistry     : Adding type registration byte -> org.hibernate.type.BasicTypeReference@5e85c21b
2024-09-30T14:10:12.957+02:00 DEBUG 18492 --- [RegisterLogIn] [           main] org.hibernate.type.BasicTypeRegistry     : Adding type registration java.lang.Byte -> org.hibernate.type.BasicTypeReference@5e85c21b
2024-09-30T14:10:12.957+02:00 DEBUG 18492 --- [RegisterLogIn] [           main] org.hibernate.type.BasicTypeRegistry     : Adding type registration binary -> org.hibernate.type.BasicTypeReference@41def031
2024-09-30T14:10:12.957+02:00 DEBUG 18492 --- [RegisterLogIn] [           main] org.hibernate.type.BasicTypeRegistry     : Adding type registration byte[] -> org.hibernate.type.BasicTypeReference@41def031
2024-09-30T14:10:12.957+02:00 DEBUG 18492 --- [RegisterLogIn] [           main] org.hibernate.type.BasicTypeRegistry     : Adding type registration [B -> org.hibernate.type.BasicTypeReference@41def031
2024-09-30T14:10:12.957+02:00 DEBUG 18492 --- [RegisterLogIn] [           main] org.hibernate.type.BasicTypeRegistry     : Adding type registration binary_wrapper -> org.hibernate.type.BasicTypeReference@38e83838
2024-09-30T14:10:12.957+02:00 DEBUG 18492 --- [RegisterLogIn] [           main] org.hibernate.type.BasicTypeRegistry     : Adding type registration wrapper-binary -> org.hibernate.type.BasicTypeReference@38e83838
2024-09-30T14:10:12.957+02:00 DEBUG 18492 --- [RegisterLogIn] [           main] org.hibernate.type.BasicTypeRegistry     : Adding type registration image -> org.hibernate.type.BasicTypeReference@39832280
2024-09-30T14:10:12.957+02:00 DEBUG 18492 --- [RegisterLogIn] [           main] org.hibernate.type.BasicTypeRegistry     : Adding type registration blob -> org.hibernate.type.BasicTypeReference@4966bab1
2024-09-30T14:10:12.957+02:00 DEBUG 18492 --- [RegisterLogIn] [           main] org.hibernate.type.BasicTypeRegistry     : Adding type registration java.sql.Blob -> org.hibernate.type.BasicTypeReference@4966bab1
2024-09-30T14:10:12.957+02:00 DEBUG 18492 --- [RegisterLogIn] [           main] org.hibernate.type.BasicTypeRegistry     : Adding type registration materialized_blob -> org.hibernate.type.BasicTypeReference@7f0f84d4
2024-09-30T14:10:12.957+02:00 DEBUG 18492 --- [RegisterLogIn] [           main] org.hibernate.type.BasicTypeRegistry     : Adding type registration materialized_blob_wrapper -> org.hibernate.type.BasicTypeReference@6df4af5
2024-09-30T14:10:12.957+02:00 DEBUG 18492 --- [RegisterLogIn] [           main] org.hibernate.type.BasicTypeRegistry     : Adding type registration short -> org.hibernate.type.BasicTypeReference@26e8ff8c
2024-09-30T14:10:12.957+02:00 DEBUG 18492 --- [RegisterLogIn] [           main] org.hibernate.type.BasicTypeRegistry     : Adding type registration short -> org.hibernate.type.BasicTypeReference@26e8ff8c
2024-09-30T14:10:12.958+02:00 DEBUG 18492 --- [RegisterLogIn] [           main] org.hibernate.type.BasicTypeRegistry     : Adding type registration java.lang.Short -> org.hibernate.type.BasicTypeReference@26e8ff8c
2024-09-30T14:10:12.958+02:00 DEBUG 18492 --- [RegisterLogIn] [           main] org.hibernate.type.BasicTypeRegistry     : Adding type registration integer -> org.hibernate.type.BasicTypeReference@5aa76ad2
2024-09-30T14:10:12.958+02:00 DEBUG 18492 --- [RegisterLogIn] [           main] org.hibernate.type.BasicTypeRegistry     : Adding type registration int -> org.hibernate.type.BasicTypeReference@5aa76ad2
2024-09-30T14:10:12.958+02:00 DEBUG 18492 --- [RegisterLogIn] [           main] org.hibernate.type.BasicTypeRegistry     : Adding type registration java.lang.Integer -> org.hibernate.type.BasicTypeReference@5aa76ad2
2024-09-30T14:10:12.958+02:00 DEBUG 18492 --- [RegisterLogIn] [           main] org.hibernate.type.BasicTypeRegistry     : Adding type registration long -> org.hibernate.type.BasicTypeReference@590d6c76
2024-09-30T14:10:12.958+02:00 DEBUG 18492 --- [RegisterLogIn] [           main] org.hibernate.type.BasicTypeRegistry     : Adding type registration long -> org.hibernate.type.BasicTypeReference@590d6c76
2024-09-30T14:10:12.958+02:00 DEBUG 18492 --- [RegisterLogIn] [           main] org.hibernate.type.BasicTypeRegistry     : Adding type registration java.lang.Long -> org.hibernate.type.BasicTypeReference@590d6c76
2024-09-30T14:10:12.958+02:00 DEBUG 18492 --- [RegisterLogIn] [           main] org.hibernate.type.BasicTypeRegistry     : Adding type registration float -> org.hibernate.type.BasicTypeReference@25791d40
2024-09-30T14:10:12.958+02:00 DEBUG 18492 --- [RegisterLogIn] [           main] org.hibernate.type.BasicTypeRegistry     : Adding type registration float -> org.hibernate.type.BasicTypeReference@25791d40
2024-09-30T14:10:12.958+02:00 DEBUG 18492 --- [RegisterLogIn] [           main] org.hibernate.type.BasicTypeRegistry     : Adding type registration java.lang.Float -> org.hibernate.type.BasicTypeReference@25791d40
2024-09-30T14:10:12.958+02:00 DEBUG 18492 --- [RegisterLogIn] [           main] org.hibernate.type.BasicTypeRegistry     : Adding type registration double -> org.hibernate.type.BasicTypeReference@448c92fc
2024-09-30T14:10:12.958+02:00 DEBUG 18492 --- [RegisterLogIn] [           main] org.hibernate.type.BasicTypeRegistry     : Adding type registration double -> org.hibernate.type.BasicTypeReference@448c92fc
2024-09-30T14:10:12.958+02:00 DEBUG 18492 --- [RegisterLogIn] [           main] org.hibernate.type.BasicTypeRegistry     : Adding type registration java.lang.Double -> org.hibernate.type.BasicTypeReference@448c92fc
2024-09-30T14:10:12.958+02:00 DEBUG 18492 --- [RegisterLogIn] [           main] org.hibernate.type.BasicTypeRegistry     : Adding type registration big_integer -> org.hibernate.type.BasicTypeReference@251c8145
2024-09-30T14:10:12.958+02:00 DEBUG 18492 --- [RegisterLogIn] [           main] org.hibernate.type.BasicTypeRegistry     : Adding type registration java.math.BigInteger -> org.hibernate.type.BasicTypeReference@251c8145
2024-09-30T14:10:12.958+02:00 DEBUG 18492 --- [RegisterLogIn] [           main] org.hibernate.type.BasicTypeRegistry     : Adding type registration big_decimal -> org.hibernate.type.BasicTypeReference@17c0274c
2024-09-30T14:10:12.958+02:00 DEBUG 18492 --- [RegisterLogIn] [           main] org.hibernate.type.BasicTypeRegistry     : Adding type registration java.math.BigDecimal -> org.hibernate.type.BasicTypeReference@17c0274c
2024-09-30T14:10:12.958+02:00 DEBUG 18492 --- [RegisterLogIn] [           main] org.hibernate.type.BasicTypeRegistry     : Adding type registration character -> org.hibernate.type.BasicTypeReference@7abeabe9
2024-09-30T14:10:12.958+02:00 DEBUG 18492 --- [RegisterLogIn] [           main] org.hibernate.type.BasicTypeRegistry     : Adding type registration char -> org.hibernate.type.BasicTypeReference@7abeabe9
2024-09-30T14:10:12.959+02:00 DEBUG 18492 --- [RegisterLogIn] [           main] org.hibernate.type.BasicTypeRegistry     : Adding type registration java.lang.Character -> org.hibernate.type.BasicTypeReference@7abeabe9
2024-09-30T14:10:12.959+02:00 DEBUG 18492 --- [RegisterLogIn] [           main] org.hibernate.type.BasicTypeRegistry     : Adding type registration character_nchar -> org.hibernate.type.BasicTypeReference@5a05dd30
2024-09-30T14:10:12.959+02:00 DEBUG 18492 --- [RegisterLogIn] [           main] org.hibernate.type.BasicTypeRegistry     : Adding type registration string -> org.hibernate.type.BasicTypeReference@1b52699c
2024-09-30T14:10:12.959+02:00 DEBUG 18492 --- [RegisterLogIn] [           main] org.hibernate.type.BasicTypeRegistry     : Adding type registration java.lang.String -> org.hibernate.type.BasicTypeReference@1b52699c
2024-09-30T14:10:12.959+02:00 DEBUG 18492 --- [RegisterLogIn] [           main] org.hibernate.type.BasicTypeRegistry     : Adding type registration nstring -> org.hibernate.type.BasicTypeReference@dbed7fd
2024-09-30T14:10:12.959+02:00 DEBUG 18492 --- [RegisterLogIn] [           main] org.hibernate.type.BasicTypeRegistry     : Adding type registration characters -> org.hibernate.type.BasicTypeReference@250d440
2024-09-30T14:10:12.959+02:00 DEBUG 18492 --- [RegisterLogIn] [           main] org.hibernate.type.BasicTypeRegistry     : Adding type registration char[] -> org.hibernate.type.BasicTypeReference@250d440
2024-09-30T14:10:12.959+02:00 DEBUG 18492 --- [RegisterLogIn] [           main] org.hibernate.type.BasicTypeRegistry     : Adding type registration [C -> org.hibernate.type.BasicTypeReference@250d440
2024-09-30T14:10:12.959+02:00 DEBUG 18492 --- [RegisterLogIn] [           main] org.hibernate.type.BasicTypeRegistry     : Adding type registration wrapper-characters -> org.hibernate.type.BasicTypeReference@76c86567
2024-09-30T14:10:12.959+02:00 DEBUG 18492 --- [RegisterLogIn] [           main] org.hibernate.type.BasicTypeRegistry     : Adding type registration text -> org.hibernate.type.BasicTypeReference@7e5efcab
2024-09-30T14:10:12.959+02:00 DEBUG 18492 --- [RegisterLogIn] [           main] org.hibernate.type.BasicTypeRegistry     : Adding type registration ntext -> org.hibernate.type.BasicTypeReference@5a4dda2
2024-09-30T14:10:12.959+02:00 DEBUG 18492 --- [RegisterLogIn] [           main] org.hibernate.type.BasicTypeRegistry     : Adding type registration clob -> org.hibernate.type.BasicTypeReference@1d2fb82
2024-09-30T14:10:12.959+02:00 DEBUG 18492 --- [RegisterLogIn] [           main] org.hibernate.type.BasicTypeRegistry     : Adding type registration java.sql.Clob -> org.hibernate.type.BasicTypeReference@1d2fb82
2024-09-30T14:10:12.959+02:00 DEBUG 18492 --- [RegisterLogIn] [           main] org.hibernate.type.BasicTypeRegistry     : Adding type registration nclob -> org.hibernate.type.BasicTypeReference@34045582
2024-09-30T14:10:12.959+02:00 DEBUG 18492 --- [RegisterLogIn] [           main] org.hibernate.type.BasicTypeRegistry     : Adding type registration java.sql.NClob -> org.hibernate.type.BasicTypeReference@34045582
2024-09-30T14:10:12.959+02:00 DEBUG 18492 --- [RegisterLogIn] [           main] org.hibernate.type.BasicTypeRegistry     : Adding type registration materialized_clob -> org.hibernate.type.BasicTypeReference@3db65c0d
2024-09-30T14:10:12.959+02:00 DEBUG 18492 --- [RegisterLogIn] [           main] org.hibernate.type.BasicTypeRegistry     : Adding type registration materialized_clob_char_array -> org.hibernate.type.BasicTypeReference@1edccfd4
2024-09-30T14:10:12.959+02:00 DEBUG 18492 --- [RegisterLogIn] [           main] org.hibernate.type.BasicTypeRegistry     : Adding type registration materialized_clob_character_array -> org.hibernate.type.BasicTypeReference@8c43966
2024-09-30T14:10:12.960+02:00 DEBUG 18492 --- [RegisterLogIn] [           main] org.hibernate.type.BasicTypeRegistry     : Adding type registration materialized_nclob -> org.hibernate.type.BasicTypeReference@1efac5b9
2024-09-30T14:10:12.960+02:00 DEBUG 18492 --- [RegisterLogIn] [           main] org.hibernate.type.BasicTypeRegistry     : Adding type registration materialized_nclob_character_array -> org.hibernate.type.BasicTypeReference@11a3a45f
2024-09-30T14:10:12.960+02:00 DEBUG 18492 --- [RegisterLogIn] [           main] org.hibernate.type.BasicTypeRegistry     : Adding type registration materialized_nclob_char_array -> org.hibernate.type.BasicTypeReference@69796bd0
2024-09-30T14:10:12.960+02:00 DEBUG 18492 --- [RegisterLogIn] [           main] org.hibernate.type.BasicTypeRegistry     : Adding type registration Duration -> org.hibernate.type.BasicTypeReference@40df6090
2024-09-30T14:10:12.960+02:00 DEBUG 18492 --- [RegisterLogIn] [           main] org.hibernate.type.BasicTypeRegistry     : Adding type registration java.time.Duration -> org.hibernate.type.BasicTypeReference@40df6090
2024-09-30T14:10:12.960+02:00 DEBUG 18492 --- [RegisterLogIn] [           main] org.hibernate.type.BasicTypeRegistry     : Adding type registration LocalDateTime -> org.hibernate.type.BasicTypeReference@8c0a23f
2024-09-30T14:10:12.960+02:00 DEBUG 18492 --- [RegisterLogIn] [           main] org.hibernate.type.BasicTypeRegistry     : Adding type registration java.time.LocalDateTime -> org.hibernate.type.BasicTypeReference@8c0a23f
2024-09-30T14:10:12.960+02:00 DEBUG 18492 --- [RegisterLogIn] [           main] org.hibernate.type.BasicTypeRegistry     : Adding type registration LocalDate -> org.hibernate.type.BasicTypeReference@44d7e24
2024-09-30T14:10:12.960+02:00 DEBUG 18492 --- [RegisterLogIn] [           main] org.hibernate.type.BasicTypeRegistry     : Adding type registration java.time.LocalDate -> org.hibernate.type.BasicTypeReference@44d7e24
2024-09-30T14:10:12.960+02:00 DEBUG 18492 --- [RegisterLogIn] [           main] org.hibernate.type.BasicTypeRegistry     : Adding type registration LocalTime -> org.hibernate.type.BasicTypeReference@26c8b296
2024-09-30T14:10:12.960+02:00 DEBUG 18492 --- [RegisterLogIn] [           main] org.hibernate.type.BasicTypeRegistry     : Adding type registration java.time.LocalTime -> org.hibernate.type.BasicTypeReference@26c8b296
2024-09-30T14:10:12.960+02:00 DEBUG 18492 --- [RegisterLogIn] [           main] org.hibernate.type.BasicTypeRegistry     : Adding type registration OffsetDateTime -> org.hibernate.type.BasicTypeReference@1d289d3f
2024-09-30T14:10:12.960+02:00 DEBUG 18492 --- [RegisterLogIn] [           main] org.hibernate.type.BasicTypeRegistry     : Adding type registration java.time.OffsetDateTime -> org.hibernate.type.BasicTypeReference@1d289d3f
2024-09-30T14:10:12.960+02:00 DEBUG 18492 --- [RegisterLogIn] [           main] org.hibernate.type.BasicTypeRegistry     : Adding type registration OffsetDateTimeWithTimezone -> org.hibernate.type.BasicTypeReference@10f405ff
2024-09-30T14:10:12.960+02:00 DEBUG 18492 --- [RegisterLogIn] [           main] org.hibernate.type.BasicTypeRegistry     : Adding type registration OffsetDateTimeWithoutTimezone -> org.hibernate.type.BasicTypeReference@7f27f59b
2024-09-30T14:10:12.960+02:00 DEBUG 18492 --- [RegisterLogIn] [           main] org.hibernate.type.BasicTypeRegistry     : Adding type registration OffsetTime -> org.hibernate.type.BasicTypeReference@1c98b4eb
2024-09-30T14:10:12.960+02:00 DEBUG 18492 --- [RegisterLogIn] [           main] org.hibernate.type.BasicTypeRegistry     : Adding type registration java.time.OffsetTime -> org.hibernate.type.BasicTypeReference@1c98b4eb
2024-09-30T14:10:12.960+02:00 DEBUG 18492 --- [RegisterLogIn] [           main] org.hibernate.type.BasicTypeRegistry     : Adding type registration OffsetTimeUtc -> org.hibernate.type.BasicTypeReference@45801322
2024-09-30T14:10:12.960+02:00 DEBUG 18492 --- [RegisterLogIn] [           main] org.hibernate.type.BasicTypeRegistry     : Adding type registration OffsetTimeWithTimezone -> org.hibernate.type.BasicTypeReference@756b2d90
2024-09-30T14:10:12.961+02:00 DEBUG 18492 --- [RegisterLogIn] [           main] org.hibernate.type.BasicTypeRegistry     : Adding type registration OffsetTimeWithoutTimezone -> org.hibernate.type.BasicTypeReference@3520958b
2024-09-30T14:10:12.961+02:00 DEBUG 18492 --- [RegisterLogIn] [           main] org.hibernate.type.BasicTypeRegistry     : Adding type registration ZonedDateTime -> org.hibernate.type.BasicTypeReference@6cc64028
2024-09-30T14:10:12.961+02:00 DEBUG 18492 --- [RegisterLogIn] [           main] org.hibernate.type.BasicTypeRegistry     : Adding type registration java.time.ZonedDateTime -> org.hibernate.type.BasicTypeReference@6cc64028
2024-09-30T14:10:12.961+02:00 DEBUG 18492 --- [RegisterLogIn] [           main] org.hibernate.type.BasicTypeRegistry     : Adding type registration ZonedDateTimeWithTimezone -> org.hibernate.type.BasicTypeReference@291a4791
2024-09-30T14:10:12.961+02:00 DEBUG 18492 --- [RegisterLogIn] [           main] org.hibernate.type.BasicTypeRegistry     : Adding type registration ZonedDateTimeWithoutTimezone -> org.hibernate.type.BasicTypeReference@5b1e88f
2024-09-30T14:10:12.961+02:00 DEBUG 18492 --- [RegisterLogIn] [           main] org.hibernate.type.BasicTypeRegistry     : Adding type registration date -> org.hibernate.type.BasicTypeReference@340cb97f
2024-09-30T14:10:12.961+02:00 DEBUG 18492 --- [RegisterLogIn] [           main] org.hibernate.type.BasicTypeRegistry     : Adding type registration java.sql.Date -> org.hibernate.type.BasicTypeReference@340cb97f
2024-09-30T14:10:12.961+02:00 DEBUG 18492 --- [RegisterLogIn] [           main] org.hibernate.type.BasicTypeRegistry     : Adding type registration time -> org.hibernate.type.BasicTypeReference@6a1568d6
2024-09-30T14:10:12.961+02:00 DEBUG 18492 --- [RegisterLogIn] [           main] org.hibernate.type.BasicTypeRegistry     : Adding type registration java.sql.Time -> org.hibernate.type.BasicTypeReference@6a1568d6
2024-09-30T14:10:12.961+02:00 DEBUG 18492 --- [RegisterLogIn] [           main] org.hibernate.type.BasicTypeRegistry     : Adding type registration timestamp -> org.hibernate.type.BasicTypeReference@11c88cca
2024-09-30T14:10:12.961+02:00 DEBUG 18492 --- [RegisterLogIn] [           main] org.hibernate.type.BasicTypeRegistry     : Adding type registration java.sql.Timestamp -> org.hibernate.type.BasicTypeReference@11c88cca
2024-09-30T14:10:12.961+02:00 DEBUG 18492 --- [RegisterLogIn] [           main] org.hibernate.type.BasicTypeRegistry     : Adding type registration java.util.Date -> org.hibernate.type.BasicTypeReference@11c88cca
2024-09-30T14:10:12.961+02:00 DEBUG 18492 --- [RegisterLogIn] [           main] org.hibernate.type.BasicTypeRegistry     : Adding type registration calendar -> org.hibernate.type.BasicTypeReference@1b37fbec
2024-09-30T14:10:12.961+02:00 DEBUG 18492 --- [RegisterLogIn] [           main] org.hibernate.type.BasicTypeRegistry     : Adding type registration java.util.Calendar -> org.hibernate.type.BasicTypeReference@1b37fbec
2024-09-30T14:10:12.961+02:00 DEBUG 18492 --- [RegisterLogIn] [           main] org.hibernate.type.BasicTypeRegistry     : Adding type registration java.util.GregorianCalendar -> org.hibernate.type.BasicTypeReference@1b37fbec
2024-09-30T14:10:12.962+02:00 DEBUG 18492 --- [RegisterLogIn] [           main] org.hibernate.type.BasicTypeRegistry     : Adding type registration calendar_date -> org.hibernate.type.BasicTypeReference@4a216eb4
2024-09-30T14:10:12.963+02:00 DEBUG 18492 --- [RegisterLogIn] [           main] org.hibernate.type.BasicTypeRegistry     : Adding type registration calendar_time -> org.hibernate.type.BasicTypeReference@5ec88f9e
2024-09-30T14:10:12.963+02:00 DEBUG 18492 --- [RegisterLogIn] [           main] org.hibernate.type.BasicTypeRegistry     : Adding type registration instant -> org.hibernate.type.BasicTypeReference@7a04f730
2024-09-30T14:10:12.963+02:00 DEBUG 18492 --- [RegisterLogIn] [           main] org.hibernate.type.BasicTypeRegistry     : Adding type registration java.time.Instant -> org.hibernate.type.BasicTypeReference@7a04f730
2024-09-30T14:10:12.963+02:00 DEBUG 18492 --- [RegisterLogIn] [           main] org.hibernate.type.BasicTypeRegistry     : Adding type registration uuid -> org.hibernate.type.BasicTypeReference@3b11620a
2024-09-30T14:10:12.963+02:00 DEBUG 18492 --- [RegisterLogIn] [           main] org.hibernate.type.BasicTypeRegistry     : Adding type registration java.util.UUID -> org.hibernate.type.BasicTypeReference@3b11620a
2024-09-30T14:10:12.963+02:00 DEBUG 18492 --- [RegisterLogIn] [           main] org.hibernate.type.BasicTypeRegistry     : Adding type registration pg-uuid -> org.hibernate.type.BasicTypeReference@3b11620a
2024-09-30T14:10:12.963+02:00 DEBUG 18492 --- [RegisterLogIn] [           main] org.hibernate.type.BasicTypeRegistry     : Adding type registration uuid-binary -> org.hibernate.type.BasicTypeReference@2fd1ad8a
2024-09-30T14:10:12.963+02:00 DEBUG 18492 --- [RegisterLogIn] [           main] org.hibernate.type.BasicTypeRegistry     : Adding type registration uuid-char -> org.hibernate.type.BasicTypeReference@357f6391
2024-09-30T14:10:12.963+02:00 DEBUG 18492 --- [RegisterLogIn] [           main] org.hibernate.type.BasicTypeRegistry     : Adding type registration class -> org.hibernate.type.BasicTypeReference@689faf79
2024-09-30T14:10:12.963+02:00 DEBUG 18492 --- [RegisterLogIn] [           main] org.hibernate.type.BasicTypeRegistry     : Adding type registration java.lang.Class -> org.hibernate.type.BasicTypeReference@689faf79
2024-09-30T14:10:12.963+02:00 DEBUG 18492 --- [RegisterLogIn] [           main] org.hibernate.type.BasicTypeRegistry     : Adding type registration currency -> org.hibernate.type.BasicTypeReference@582e9152
2024-09-30T14:10:12.963+02:00 DEBUG 18492 --- [RegisterLogIn] [           main] org.hibernate.type.BasicTypeRegistry     : Adding type registration Currency -> org.hibernate.type.BasicTypeReference@582e9152
2024-09-30T14:10:12.963+02:00 DEBUG 18492 --- [RegisterLogIn] [           main] org.hibernate.type.BasicTypeRegistry     : Adding type registration java.util.Currency -> org.hibernate.type.BasicTypeReference@582e9152
2024-09-30T14:10:12.963+02:00 DEBUG 18492 --- [RegisterLogIn] [           main] org.hibernate.type.BasicTypeRegistry     : Adding type registration locale -> org.hibernate.type.BasicTypeReference@7a31ca20
2024-09-30T14:10:12.963+02:00 DEBUG 18492 --- [RegisterLogIn] [           main] org.hibernate.type.BasicTypeRegistry     : Adding type registration java.util.Locale -> org.hibernate.type.BasicTypeReference@7a31ca20
2024-09-30T14:10:12.963+02:00 DEBUG 18492 --- [RegisterLogIn] [           main] org.hibernate.type.BasicTypeRegistry     : Adding type registration serializable -> org.hibernate.type.BasicTypeReference@349c4d1c
2024-09-30T14:10:12.963+02:00 DEBUG 18492 --- [RegisterLogIn] [           main] org.hibernate.type.BasicTypeRegistry     : Adding type registration java.io.Serializable -> org.hibernate.type.BasicTypeReference@349c4d1c
2024-09-30T14:10:12.963+02:00 DEBUG 18492 --- [RegisterLogIn] [           main] org.hibernate.type.BasicTypeRegistry     : Adding type registration timezone -> org.hibernate.type.BasicTypeReference@21edd891
2024-09-30T14:10:12.963+02:00 DEBUG 18492 --- [RegisterLogIn] [           main] org.hibernate.type.BasicTypeRegistry     : Adding type registration java.util.TimeZone -> org.hibernate.type.BasicTypeReference@21edd891
2024-09-30T14:10:12.964+02:00 DEBUG 18492 --- [RegisterLogIn] [           main] org.hibernate.type.BasicTypeRegistry     : Adding type registration ZoneOffset -> org.hibernate.type.BasicTypeReference@de579ff
2024-09-30T14:10:12.964+02:00 DEBUG 18492 --- [RegisterLogIn] [           main] org.hibernate.type.BasicTypeRegistry     : Adding type registration java.time.ZoneOffset -> org.hibernate.type.BasicTypeReference@de579ff
2024-09-30T14:10:12.964+02:00 DEBUG 18492 --- [RegisterLogIn] [           main] org.hibernate.type.BasicTypeRegistry     : Adding type registration url -> org.hibernate.type.BasicTypeReference@7971c2a9
2024-09-30T14:10:12.964+02:00 DEBUG 18492 --- [RegisterLogIn] [           main] org.hibernate.type.BasicTypeRegistry     : Adding type registration java.net.URL -> org.hibernate.type.BasicTypeReference@7971c2a9
2024-09-30T14:10:12.964+02:00 DEBUG 18492 --- [RegisterLogIn] [           main] org.hibernate.type.BasicTypeRegistry     : Adding type registration vector -> org.hibernate.type.BasicTypeReference@2fd39436
2024-09-30T14:10:12.964+02:00 DEBUG 18492 --- [RegisterLogIn] [           main] org.hibernate.type.BasicTypeRegistry     : Adding type registration row_version -> org.hibernate.type.BasicTypeReference@60b5e80d
2024-09-30T14:10:12.979+02:00 DEBUG 18492 --- [RegisterLogIn] [           main] org.hibernate.type.BasicTypeRegistry     : Adding type registration object -> org.hibernate.type.JavaObjectType@6897a4a
2024-09-30T14:10:12.980+02:00 DEBUG 18492 --- [RegisterLogIn] [           main] org.hibernate.type.BasicTypeRegistry     : Adding type registration java.lang.Object -> org.hibernate.type.JavaObjectType@6897a4a
2024-09-30T14:10:12.982+02:00 DEBUG 18492 --- [RegisterLogIn] [           main] org.hibernate.type.BasicTypeRegistry     : Adding type registration null -> org.hibernate.type.NullType@7c950b3b
2024-09-30T14:10:12.982+02:00 DEBUG 18492 --- [RegisterLogIn] [           main] org.hibernate.type.BasicTypeRegistry     : Adding type registration imm_date -> org.hibernate.type.BasicTypeReference@3af10d0b
2024-09-30T14:10:12.982+02:00 DEBUG 18492 --- [RegisterLogIn] [           main] org.hibernate.type.BasicTypeRegistry     : Adding type registration imm_time -> org.hibernate.type.BasicTypeReference@6806468e
2024-09-30T14:10:12.982+02:00 DEBUG 18492 --- [RegisterLogIn] [           main] org.hibernate.type.BasicTypeRegistry     : Adding type registration imm_timestamp -> org.hibernate.type.BasicTypeReference@3c7b137a
2024-09-30T14:10:12.982+02:00 DEBUG 18492 --- [RegisterLogIn] [           main] org.hibernate.type.BasicTypeRegistry     : Adding type registration imm_calendar -> org.hibernate.type.BasicTypeReference@68631b1d
2024-09-30T14:10:12.982+02:00 DEBUG 18492 --- [RegisterLogIn] [           main] org.hibernate.type.BasicTypeRegistry     : Adding type registration imm_calendar_date -> org.hibernate.type.BasicTypeReference@5a48da4f
2024-09-30T14:10:12.982+02:00 DEBUG 18492 --- [RegisterLogIn] [           main] org.hibernate.type.BasicTypeRegistry     : Adding type registration imm_calendar_time -> org.hibernate.type.BasicTypeReference@a0c5be
2024-09-30T14:10:12.982+02:00 DEBUG 18492 --- [RegisterLogIn] [           main] org.hibernate.type.BasicTypeRegistry     : Adding type registration imm_binary -> org.hibernate.type.BasicTypeReference@6424e613
2024-09-30T14:10:12.982+02:00 DEBUG 18492 --- [RegisterLogIn] [           main] org.hibernate.type.BasicTypeRegistry     : Adding type registration imm_serializable -> org.hibernate.type.BasicTypeReference@14efa279
2024-09-30T14:10:12.990+02:00 DEBUG 18492 --- [RegisterLogIn] [           main] o.h.boot.internal.BootstrapContextImpl   : Injecting JPA temp ClassLoader [org.springframework.instrument.classloading.SimpleThrowawayClassLoader@6c9b44bf] into BootstrapContext; was [null]
2024-09-30T14:10:12.990+02:00 DEBUG 18492 --- [RegisterLogIn] [           main] o.h.boot.internal.ClassLoaderAccessImpl  : ClassLoaderAccessImpl#injectTempClassLoader(org.springframework.instrument.classloading.SimpleThrowawayClassLoader@6c9b44bf) [was null]
2024-09-30T14:10:12.990+02:00 DEBUG 18492 --- [RegisterLogIn] [           main] o.h.boot.internal.BootstrapContextImpl   : Injecting ScanEnvironment [org.hibernate.jpa.boot.internal.StandardJpaScanEnvironmentImpl@2416c658] into BootstrapContext; was [null]
2024-09-30T14:10:12.991+02:00 DEBUG 18492 --- [RegisterLogIn] [           main] o.h.boot.internal.BootstrapContextImpl   : Injecting ScanOptions [org.hibernate.boot.archive.scan.internal.StandardScanOptions@6d5f4900] into BootstrapContext; was [org.hibernate.boot.archive.scan.internal.StandardScanOptions@1e40fbb3]
2024-09-30T14:10:13.305+02:00  INFO 18492 --- [RegisterLogIn] [           main] o.s.o.j.p.SpringPersistenceUnitInfo      : No LoadTimeWeaver setup: ignoring JPA class transformer
2024-09-30T14:10:13.306+02:00 DEBUG 18492 --- [RegisterLogIn] [           main] o.h.boot.internal.BootstrapContextImpl   : Injecting JPA temp ClassLoader [null] into BootstrapContext; was [org.springframework.instrument.classloading.SimpleThrowawayClassLoader@6c9b44bf]
2024-09-30T14:10:13.306+02:00 DEBUG 18492 --- [RegisterLogIn] [           main] o.h.boot.internal.ClassLoaderAccessImpl  : ClassLoaderAccessImpl#injectTempClassLoader(null) [was org.springframework.instrument.classloading.SimpleThrowawayClassLoader@6c9b44bf]
2024-09-30T14:10:13.327+02:00  INFO 18492 --- [RegisterLogIn] [           main] com.zaxxer.hikari.HikariDataSource       : HikariPool-1 - Starting...
2024-09-30T14:10:13.748+02:00  INFO 18492 --- [RegisterLogIn] [           main] com.zaxxer.hikari.pool.HikariPool        : HikariPool-1 - Added connection com.mysql.cj.jdbc.ConnectionImpl@32ba5c65
2024-09-30T14:10:13.752+02:00  INFO 18492 --- [RegisterLogIn] [           main] com.zaxxer.hikari.HikariDataSource       : HikariPool-1 - Start completed.
2024-09-30T14:10:13.757+02:00 DEBUG 18492 --- [RegisterLogIn] [           main] o.h.e.j.e.i.JdbcEnvironmentInitiator     : Database ->
	   name : MySQL
	version : 8.0.37
	  major : 8
	  minor : 0
2024-09-30T14:10:13.757+02:00 DEBUG 18492 --- [RegisterLogIn] [           main] o.h.e.j.e.i.JdbcEnvironmentInitiator     : Driver ->
	   name : MySQL Connector/J
	version : mysql-connector-j-8.3.0 (Revision: 805f872a57875f311cb82487efcfb070411a3fa0)
	  major : 8
	  minor : 3
2024-09-30T14:10:13.757+02:00 DEBUG 18492 --- [RegisterLogIn] [           main] o.h.e.j.e.i.JdbcEnvironmentInitiator     : JDBC version : 4.2
2024-09-30T14:10:13.822+02:00  WARN 18492 --- [RegisterLogIn] [           main] org.hibernate.orm.deprecation            : HHH90000025: MySQL8Dialect does not need to be specified explicitly using 'hibernate.dialect' (remove the property setting and it will be selected by default)
2024-09-30T14:10:13.825+02:00 DEBUG 18492 --- [RegisterLogIn] [           main] org.hibernate.orm.dialect                : HHH035001: Using dialect: org.hibernate.dialect.MySQL8Dialect, version: 8.0
2024-09-30T14:10:13.825+02:00  WARN 18492 --- [RegisterLogIn] [           main] org.hibernate.orm.deprecation            : HHH90000026: MySQL8Dialect has been deprecated; use org.hibernate.dialect.MySQLDialect instead
2024-09-30T14:10:13.830+02:00 DEBUG 18492 --- [RegisterLogIn] [           main] o.h.e.j.env.spi.IdentifierHelperBuilder  : JDBC driver metadata reported database stores quoted identifiers in more than one case
2024-09-30T14:10:13.830+02:00 DEBUG 18492 --- [RegisterLogIn] [           main] o.h.e.j.env.spi.IdentifierHelperBuilder  : IdentifierCaseStrategy for both quoted and unquoted identifiers was set to the same strategy [LOWER]; that will likely lead to problems in schema update and validation if using quoted identifiers
2024-09-30T14:10:13.850+02:00 DEBUG 18492 --- [RegisterLogIn] [           main] o.h.t.d.sql.spi.DdlTypeRegistry          : addDescriptor(12, org.hibernate.type.descriptor.sql.internal.CapacityDependentDdlType@18b04526) replaced previous registration(org.hibernate.type.descriptor.sql.internal.CapacityDependentDdlType@2fd4312a)
2024-09-30T14:10:13.851+02:00 DEBUG 18492 --- [RegisterLogIn] [           main] o.h.t.d.sql.spi.DdlTypeRegistry          : addDescriptor(-9, org.hibernate.type.descriptor.sql.internal.CapacityDependentDdlType@31b6fb14) replaced previous registration(org.hibernate.type.descriptor.sql.internal.CapacityDependentDdlType@3eee08f5)
2024-09-30T14:10:13.851+02:00 DEBUG 18492 --- [RegisterLogIn] [           main] o.h.t.d.sql.spi.DdlTypeRegistry          : addDescriptor(-3, org.hibernate.type.descriptor.sql.internal.CapacityDependentDdlType@246df37b) replaced previous registration(org.hibernate.type.descriptor.sql.internal.CapacityDependentDdlType@2abedbbd)
2024-09-30T14:10:13.851+02:00 DEBUG 18492 --- [RegisterLogIn] [           main] o.h.t.d.sql.spi.DdlTypeRegistry          : addDescriptor(4003, org.hibernate.type.descriptor.sql.internal.DdlTypeImpl@2c56eba5) replaced previous registration(org.hibernate.type.descriptor.sql.internal.DdlTypeImpl@6231f77a)
2024-09-30T14:10:13.851+02:00 DEBUG 18492 --- [RegisterLogIn] [           main] o.h.t.d.sql.spi.DdlTypeRegistry          : addDescriptor(4001, org.hibernate.type.descriptor.sql.internal.DdlTypeImpl@290c266c) replaced previous registration(org.hibernate.type.descriptor.sql.internal.DdlTypeImpl@75b363c3)
2024-09-30T14:10:13.851+02:00 DEBUG 18492 --- [RegisterLogIn] [           main] o.h.t.d.sql.spi.DdlTypeRegistry          : addDescriptor(4002, org.hibernate.type.descriptor.sql.internal.DdlTypeImpl@6ea3a513) replaced previous registration(org.hibernate.type.descriptor.sql.internal.DdlTypeImpl@3c4059a)
2024-09-30T14:10:13.851+02:00 DEBUG 18492 --- [RegisterLogIn] [           main] o.h.t.d.sql.spi.DdlTypeRegistry          : addDescriptor(2004, org.hibernate.type.descriptor.sql.internal.CapacityDependentDdlType@4b336cc8) replaced previous registration(org.hibernate.type.descriptor.sql.internal.DdlTypeImpl@2570b316)
2024-09-30T14:10:13.851+02:00 DEBUG 18492 --- [RegisterLogIn] [           main] o.h.t.d.sql.spi.DdlTypeRegistry          : addDescriptor(2005, org.hibernate.type.descriptor.sql.internal.CapacityDependentDdlType@56881196) replaced previous registration(org.hibernate.type.descriptor.sql.internal.DdlTypeImpl@75c33608)
2024-09-30T14:10:13.851+02:00 DEBUG 18492 --- [RegisterLogIn] [           main] o.h.t.d.sql.spi.DdlTypeRegistry          : addDescriptor(2011, org.hibernate.type.descriptor.sql.internal.CapacityDependentDdlType@25464154) replaced previous registration(org.hibernate.type.descriptor.sql.internal.DdlTypeImpl@58ebee9)
2024-09-30T14:10:13.854+02:00 DEBUG 18492 --- [RegisterLogIn] [           main] o.h.t.d.jdbc.spi.JdbcTypeRegistry        : addDescriptor(NCharTypeDescriptor) replaced previous registration(CharTypeDescriptor)
2024-09-30T14:10:13.854+02:00 DEBUG 18492 --- [RegisterLogIn] [           main] o.h.t.d.jdbc.spi.JdbcTypeRegistry        : addDescriptor(NVarcharTypeDescriptor) replaced previous registration(VarcharTypeDescriptor)
2024-09-30T14:10:13.855+02:00 DEBUG 18492 --- [RegisterLogIn] [           main] o.h.t.d.jdbc.spi.JdbcTypeRegistry        : addDescriptor(LongNVarcharTypeDescriptor) replaced previous registration(LongVarcharTypeDescriptor)
2024-09-30T14:10:13.856+02:00 DEBUG 18492 --- [RegisterLogIn] [           main] o.h.t.d.jdbc.spi.JdbcTypeRegistry        : addDescriptor(NClobTypeDescriptor(DEFAULT)) replaced previous registration(ClobTypeDescriptor(DEFAULT))
2024-09-30T14:10:13.856+02:00 DEBUG 18492 --- [RegisterLogIn] [           main] o.h.t.d.jdbc.spi.JdbcTypeRegistry        : addDescriptor(2005, ClobTypeDescriptor(STREAM_BINDING)) replaced previous registration(ClobTypeDescriptor(DEFAULT))
2024-09-30T14:10:13.859+02:00 DEBUG 18492 --- [RegisterLogIn] [           main] org.hibernate.type.BasicTypeRegistry     : Adding type registration null -> org.hibernate.type.NullType@1be3f8f8
2024-09-30T14:10:13.860+02:00 DEBUG 18492 --- [RegisterLogIn] [           main] org.hibernate.type.BasicTypeRegistry     : Type registration key [null] overrode previous entry : `org.hibernate.type.NullType@7c950b3b`
2024-09-30T14:10:13.872+02:00 DEBUG 18492 --- [RegisterLogIn] [           main] org.hibernate.type.BasicTypeRegistry     : Adding type registration org.hibernate.type.DurationType -> basicType@1(java.time.Duration,3015)
2024-09-30T14:10:13.872+02:00 DEBUG 18492 --- [RegisterLogIn] [           main] org.hibernate.type.BasicTypeRegistry     : Adding type registration Duration -> basicType@1(java.time.Duration,3015)
2024-09-30T14:10:13.872+02:00 DEBUG 18492 --- [RegisterLogIn] [           main] org.hibernate.type.BasicTypeRegistry     : Adding type registration java.time.Duration -> basicType@1(java.time.Duration,3015)
2024-09-30T14:10:13.890+02:00 DEBUG 18492 --- [RegisterLogIn] [           main] org.hibernate.type.BasicTypeRegistry     : Adding type registration org.hibernate.type.OffsetDateTimeType -> basicType@2(java.time.OffsetDateTime,3003)
2024-09-30T14:10:13.890+02:00 DEBUG 18492 --- [RegisterLogIn] [           main] org.hibernate.type.BasicTypeRegistry     : Adding type registration OffsetDateTime -> basicType@2(java.time.OffsetDateTime,3003)
2024-09-30T14:10:13.890+02:00 DEBUG 18492 --- [RegisterLogIn] [           main] org.hibernate.type.BasicTypeRegistry     : Adding type registration java.time.OffsetDateTime -> basicType@2(java.time.OffsetDateTime,3003)
2024-09-30T14:10:13.890+02:00 DEBUG 18492 --- [RegisterLogIn] [           main] org.hibernate.type.BasicTypeRegistry     : Adding type registration org.hibernate.type.ZonedDateTimeType -> basicType@3(java.time.ZonedDateTime,3003)
2024-09-30T14:10:13.890+02:00 DEBUG 18492 --- [RegisterLogIn] [           main] org.hibernate.type.BasicTypeRegistry     : Adding type registration ZonedDateTime -> basicType@3(java.time.ZonedDateTime,3003)
2024-09-30T14:10:13.891+02:00 DEBUG 18492 --- [RegisterLogIn] [           main] org.hibernate.type.BasicTypeRegistry     : Adding type registration java.time.ZonedDateTime -> basicType@3(java.time.ZonedDateTime,3003)
2024-09-30T14:10:13.892+02:00 DEBUG 18492 --- [RegisterLogIn] [           main] org.hibernate.type.BasicTypeRegistry     : Adding type registration org.hibernate.type.OffsetTimeType -> basicType@4(java.time.OffsetTime,3007)
2024-09-30T14:10:13.893+02:00 DEBUG 18492 --- [RegisterLogIn] [           main] org.hibernate.type.BasicTypeRegistry     : Adding type registration OffsetTime -> basicType@4(java.time.OffsetTime,3007)
2024-09-30T14:10:13.893+02:00 DEBUG 18492 --- [RegisterLogIn] [           main] org.hibernate.type.BasicTypeRegistry     : Adding type registration java.time.OffsetTime -> basicType@4(java.time.OffsetTime,3007)
2024-09-30T14:10:13.894+02:00 DEBUG 18492 --- [RegisterLogIn] [           main] o.h.type.spi.TypeConfiguration$Scope     : Scoping TypeConfiguration [org.hibernate.type.spi.TypeConfiguration@738a39cc] to MetadataBuildingContext [org.hibernate.boot.internal.MetadataBuildingContextRootImpl@42e202d7]
2024-09-30T14:10:13.957+02:00 DEBUG 18492 --- [RegisterLogIn] [           main] o.h.boot.model.relational.Namespace      : Created database namespace [logicalName=Name{catalog=null, schema=null}, physicalName=Name{catalog=null, schema=null}]
2024-09-30T14:10:13.982+02:00 DEBUG 18492 --- [RegisterLogIn] [           main] o.h.boot.model.internal.EntityBinder     : Binding entity from annotated class: com.example.RegisterLogIn.Model.Role
2024-09-30T14:10:14.008+02:00 DEBUG 18492 --- [RegisterLogIn] [           main] o.h.boot.model.internal.EntityBinder     : Import with entity name Role
2024-09-30T14:10:14.015+02:00 DEBUG 18492 --- [RegisterLogIn] [           main] o.h.boot.model.internal.EntityBinder     : Bind entity com.example.RegisterLogIn.Model.Role on table role
2024-09-30T14:10:14.025+02:00 DEBUG 18492 --- [RegisterLogIn] [           main] o.h.boot.model.internal.AnnotatedColumn  : Binding column: AnnotatedDiscriminatorColumn(column='DTYPE')
2024-09-30T14:10:14.039+02:00 DEBUG 18492 --- [RegisterLogIn] [           main] o.h.boot.model.internal.AnnotatedColumn  : Binding column: AnnotatedColumn()
2024-09-30T14:10:14.039+02:00 DEBUG 18492 --- [RegisterLogIn] [           main] o.h.boot.internal.ClassLoaderAccessImpl  : Not known whether passed class name [com.example.RegisterLogIn.Model.Role] is safe
2024-09-30T14:10:14.039+02:00 DEBUG 18492 --- [RegisterLogIn] [           main] o.h.boot.internal.ClassLoaderAccessImpl  : No temp ClassLoader provided; using live ClassLoader for loading potentially unsafe class : com.example.RegisterLogIn.Model.Role
2024-09-30T14:10:14.041+02:00 DEBUG 18492 --- [RegisterLogIn] [           main] o.h.boot.model.internal.PropertyBinder   : MetadataSourceProcessor property id with lazy=false
2024-09-30T14:10:14.044+02:00 DEBUG 18492 --- [RegisterLogIn] [           main] o.h.b.m.internal.AbstractPropertyHolder  : Attempting to locate auto-apply AttributeConverter for property [com.example.RegisterLogIn.Model.Role:id]
2024-09-30T14:10:14.061+02:00 DEBUG 18492 --- [RegisterLogIn] [           main] o.h.b.model.internal.BasicValueBinder    : building BasicValue for id
2024-09-30T14:10:14.064+02:00 DEBUG 18492 --- [RegisterLogIn] [           main] org.hibernate.mapping.BasicValue         : Skipping column re-registration: role.id
2024-09-30T14:10:14.065+02:00 DEBUG 18492 --- [RegisterLogIn] [           main] o.h.boot.model.internal.PropertyBinder   : Building property id
2024-09-30T14:10:14.068+02:00 DEBUG 18492 --- [RegisterLogIn] [           main] o.h.boot.model.internal.BinderHelper     : #makeIdGenerator(BasicValue([Column(id)]), id, identity, , ...)
2024-09-30T14:10:14.069+02:00 DEBUG 18492 --- [RegisterLogIn] [           main] o.h.boot.model.internal.AnnotatedColumn  : Binding column: AnnotatedColumn()
2024-09-30T14:10:14.069+02:00 DEBUG 18492 --- [RegisterLogIn] [           main] o.h.boot.model.internal.PropertyBinder   : MetadataSourceProcessor property name with lazy=false
2024-09-30T14:10:14.069+02:00 DEBUG 18492 --- [RegisterLogIn] [           main] o.h.b.m.internal.AbstractPropertyHolder  : Attempting to locate auto-apply AttributeConverter for property [com.example.RegisterLogIn.Model.Role:name]
2024-09-30T14:10:14.069+02:00 DEBUG 18492 --- [RegisterLogIn] [           main] o.h.b.model.internal.BasicValueBinder    : building BasicValue for name
2024-09-30T14:10:14.069+02:00 DEBUG 18492 --- [RegisterLogIn] [           main] org.hibernate.mapping.BasicValue         : Skipping column re-registration: role.name
2024-09-30T14:10:14.070+02:00 DEBUG 18492 --- [RegisterLogIn] [           main] o.h.boot.model.internal.PropertyBinder   : Building property name
2024-09-30T14:10:14.071+02:00 DEBUG 18492 --- [RegisterLogIn] [           main] o.h.b.r.c.i.ClassLoaderServiceImpl       : HHH000194: Package not found or no package-info.java: com.example.RegisterLogIn.Model
2024-09-30T14:10:14.074+02:00 DEBUG 18492 --- [RegisterLogIn] [           main] o.h.boot.model.internal.EntityBinder     : Binding entity from annotated class: com.example.RegisterLogIn.Model.User
2024-09-30T14:10:14.075+02:00 DEBUG 18492 --- [RegisterLogIn] [           main] o.h.boot.model.internal.EntityBinder     : Import with entity name User
2024-09-30T14:10:14.077+02:00 DEBUG 18492 --- [RegisterLogIn] [           main] o.h.boot.model.internal.EntityBinder     : Bind entity com.example.RegisterLogIn.Model.User on table user
2024-09-30T14:10:14.078+02:00 DEBUG 18492 --- [RegisterLogIn] [           main] o.h.boot.model.internal.AnnotatedColumn  : Binding column: AnnotatedDiscriminatorColumn(column='DTYPE')
2024-09-30T14:10:14.091+02:00 DEBUG 18492 --- [RegisterLogIn] [           main] o.h.boot.model.internal.AnnotatedColumn  : Binding column: AnnotatedColumn()
2024-09-30T14:10:14.091+02:00 DEBUG 18492 --- [RegisterLogIn] [           main] o.h.boot.internal.ClassLoaderAccessImpl  : Not known whether passed class name [com.example.RegisterLogIn.Model.User] is safe
2024-09-30T14:10:14.091+02:00 DEBUG 18492 --- [RegisterLogIn] [           main] o.h.boot.internal.ClassLoaderAccessImpl  : No temp ClassLoader provided; using live ClassLoader for loading potentially unsafe class : com.example.RegisterLogIn.Model.User
2024-09-30T14:10:14.091+02:00 DEBUG 18492 --- [RegisterLogIn] [           main] o.h.boot.model.internal.PropertyBinder   : MetadataSourceProcessor property id with lazy=false
2024-09-30T14:10:14.091+02:00 DEBUG 18492 --- [RegisterLogIn] [           main] o.h.b.m.internal.AbstractPropertyHolder  : Attempting to locate auto-apply AttributeConverter for property [com.example.RegisterLogIn.Model.User:id]
2024-09-30T14:10:14.091+02:00 DEBUG 18492 --- [RegisterLogIn] [           main] o.h.b.model.internal.BasicValueBinder    : building BasicValue for id
2024-09-30T14:10:14.092+02:00 DEBUG 18492 --- [RegisterLogIn] [           main] org.hibernate.mapping.BasicValue         : Skipping column re-registration: user.id
2024-09-30T14:10:14.092+02:00 DEBUG 18492 --- [RegisterLogIn] [           main] o.h.boot.model.internal.PropertyBinder   : Building property id
2024-09-30T14:10:14.092+02:00 DEBUG 18492 --- [RegisterLogIn] [           main] o.h.boot.model.internal.BinderHelper     : #makeIdGenerator(BasicValue([Column(id)]), id, identity, , ...)
2024-09-30T14:10:14.115+02:00 DEBUG 18492 --- [RegisterLogIn] [           main] o.h.boot.model.internal.AnnotatedColumn  : Binding column: AnnotatedColumn()
2024-09-30T14:10:14.115+02:00 DEBUG 18492 --- [RegisterLogIn] [           main] o.h.boot.model.internal.PropertyBinder   : MetadataSourceProcessor property email with lazy=false
2024-09-30T14:10:14.115+02:00 DEBUG 18492 --- [RegisterLogIn] [           main] o.h.b.m.internal.AbstractPropertyHolder  : Attempting to locate auto-apply AttributeConverter for property [com.example.RegisterLogIn.Model.User:email]
2024-09-30T14:10:14.115+02:00 DEBUG 18492 --- [RegisterLogIn] [           main] o.h.b.model.internal.BasicValueBinder    : building BasicValue for email
2024-09-30T14:10:14.115+02:00 DEBUG 18492 --- [RegisterLogIn] [           main] org.hibernate.mapping.BasicValue         : Skipping column re-registration: user.email
2024-09-30T14:10:14.115+02:00 DEBUG 18492 --- [RegisterLogIn] [           main] o.h.boot.model.internal.PropertyBinder   : Building property email
2024-09-30T14:10:14.116+02:00 DEBUG 18492 --- [RegisterLogIn] [           main] o.h.boot.model.internal.AnnotatedColumn  : Binding column: AnnotatedColumn()
2024-09-30T14:10:14.116+02:00 DEBUG 18492 --- [RegisterLogIn] [           main] o.h.boot.model.internal.PropertyBinder   : MetadataSourceProcessor property enabled with lazy=false
2024-09-30T14:10:14.116+02:00 DEBUG 18492 --- [RegisterLogIn] [           main] o.h.b.m.internal.AbstractPropertyHolder  : Attempting to locate auto-apply AttributeConverter for property [com.example.RegisterLogIn.Model.User:enabled]
2024-09-30T14:10:14.116+02:00 DEBUG 18492 --- [RegisterLogIn] [           main] o.h.b.model.internal.BasicValueBinder    : building BasicValue for enabled
2024-09-30T14:10:14.116+02:00 DEBUG 18492 --- [RegisterLogIn] [           main] org.hibernate.mapping.BasicValue         : Skipping column re-registration: user.enabled
2024-09-30T14:10:14.116+02:00 DEBUG 18492 --- [RegisterLogIn] [           main] o.h.boot.model.internal.PropertyBinder   : Building property enabled
2024-09-30T14:10:14.117+02:00 DEBUG 18492 --- [RegisterLogIn] [           main] o.h.boot.model.internal.AnnotatedColumn  : Binding column: AnnotatedColumn(column='first_name')
2024-09-30T14:10:14.117+02:00 DEBUG 18492 --- [RegisterLogIn] [           main] o.h.boot.model.internal.PropertyBinder   : MetadataSourceProcessor property firstName with lazy=false
2024-09-30T14:10:14.117+02:00 DEBUG 18492 --- [RegisterLogIn] [           main] o.h.b.m.internal.AbstractPropertyHolder  : Attempting to locate auto-apply AttributeConverter for property [com.example.RegisterLogIn.Model.User:firstName]
2024-09-30T14:10:14.117+02:00 DEBUG 18492 --- [RegisterLogIn] [           main] o.h.b.model.internal.BasicValueBinder    : building BasicValue for firstName
2024-09-30T14:10:14.117+02:00 DEBUG 18492 --- [RegisterLogIn] [           main] org.hibernate.mapping.BasicValue         : Skipping column re-registration: user.first_name
2024-09-30T14:10:14.117+02:00 DEBUG 18492 --- [RegisterLogIn] [           main] o.h.boot.model.internal.PropertyBinder   : Building property firstName
2024-09-30T14:10:14.118+02:00 DEBUG 18492 --- [RegisterLogIn] [           main] o.h.boot.model.internal.AnnotatedColumn  : Binding column: AnnotatedColumn(column='last_name')
2024-09-30T14:10:14.118+02:00 DEBUG 18492 --- [RegisterLogIn] [           main] o.h.boot.model.internal.PropertyBinder   : MetadataSourceProcessor property lastName with lazy=false
2024-09-30T14:10:14.118+02:00 DEBUG 18492 --- [RegisterLogIn] [           main] o.h.b.m.internal.AbstractPropertyHolder  : Attempting to locate auto-apply AttributeConverter for property [com.example.RegisterLogIn.Model.User:lastName]
2024-09-30T14:10:14.118+02:00 DEBUG 18492 --- [RegisterLogIn] [           main] o.h.b.model.internal.BasicValueBinder    : building BasicValue for lastName
[...]

   ReactiveWebServerFactoryAutoConfiguration:
      Did not match:
         - @ConditionalOnWebApplication did not find reactive web application classes (OnWebApplicationCondition)

   ReactorAutoConfiguration:
      Did not match:
         - @ConditionalOnClass did not find required class 'reactor.core.publisher.Hooks' (OnClassCondition)

   RedisAutoConfiguration:
      Did not match:
         - @ConditionalOnClass did not find required class 'org.springframework.data.redis.core.RedisOperations' (OnClassCondition)

   RedisCacheConfiguration:
      Did not match:
         - @ConditionalOnClass did not find required class 'org.springframework.data.redis.connection.RedisConnectionFactory' (OnClassCondition)

   RedisReactiveAutoConfiguration:
      Did not match:
         - @ConditionalOnClass did not find required class 'reactor.core.publisher.Flux' (OnClassCondition)

   RedisRepositoriesAutoConfiguration:
      Did not match:
         - @ConditionalOnClass did not find required class 'org.springframework.data.redis.repository.configuration.EnableRedisRepositories' (OnClassCondition)

   RepositoryRestMvcAutoConfiguration:
      Did not match:
         - @ConditionalOnClass did not find required class 'org.springframework.data.rest.webmvc.config.RepositoryRestMvcConfiguration' (OnClassCondition)

   Saml2RelyingPartyAutoConfiguration:
      Did not match:
         - @ConditionalOnClass did not find required class 'org.springframework.security.saml2.provider.service.registration.RelyingPartyRegistrationRepository' (OnClassCondition)

   SecurityDataConfiguration:
      Did not match:
         - @ConditionalOnClass did not find required class 'org.springframework.security.data.repository.query.SecurityEvaluationContextExtension' (OnClassCondition)

   SendGridAutoConfiguration:
      Did not match:
         - @ConditionalOnClass did not find required class 'com.sendgrid.SendGrid' (OnClassCondition)

   ServletWebServerFactoryAutoConfiguration.ForwardedHeaderFilterConfiguration:
      Did not match:
         - @ConditionalOnProperty (server.forward-headers-strategy=framework) did not find property 'server.forward-headers-strategy' (OnPropertyCondition)

   ServletWebServerFactoryConfiguration.EmbeddedJetty:
      Did not match:
         - @ConditionalOnClass did not find required classes 'org.eclipse.jetty.server.Server', 'org.eclipse.jetty.util.Loader', 'org.eclipse.jetty.ee10.webapp.WebAppContext' (OnClassCondition)

   ServletWebServerFactoryConfiguration.EmbeddedUndertow:
      Did not match:
         - @ConditionalOnClass did not find required classes 'io.undertow.Undertow', 'org.xnio.SslClientAuthMode' (OnClassCondition)

   SessionAutoConfiguration:
      Did not match:
         - @ConditionalOnClass did not find required class 'org.springframework.session.Session' (OnClassCondition)

   SpringApplicationAdminJmxAutoConfiguration:
      Did not match:
         - @ConditionalOnProperty (spring.application.admin.enabled=true) did not find property 'enabled' (OnPropertyCondition)

   SpringBootWebSecurityConfiguration.SecurityFilterChainConfiguration:
      Did not match:
         - AllNestedConditions 1 matched 1 did not; NestedCondition on DefaultWebSecurityCondition.Beans @ConditionalOnMissingBean (types: org.springframework.security.web.SecurityFilterChain; SearchStrategy: all) found beans of type 'org.springframework.security.web.SecurityFilterChain' securityFilterChain; NestedCondition on DefaultWebSecurityCondition.Classes @ConditionalOnClass found required classes 'org.springframework.security.web.SecurityFilterChain', 'org.springframework.security.config.annotation.web.builders.HttpSecurity' (DefaultWebSecurityCondition)

   SpringBootWebSecurityConfiguration.WebSecurityEnablerConfiguration:
      Did not match:
         - @ConditionalOnMissingBean (names: springSecurityFilterChain; SearchStrategy: all) found beans named springSecurityFilterChain (OnBeanCondition)
      Matched:
         - @ConditionalOnClass found required class 'org.springframework.security.config.annotation.web.configuration.EnableWebSecurity' (OnClassCondition)

   TaskExecutorConfigurations.SimpleAsyncTaskExecutorBuilderConfiguration#simpleAsyncTaskExecutorBuilderVirtualThreads:
      Did not match:
         - @ConditionalOnMissingBean (types: org.springframework.boot.task.SimpleAsyncTaskExecutorBuilder; SearchStrategy: all) found beans of type 'org.springframework.boot.task.SimpleAsyncTaskExecutorBuilder' simpleAsyncTaskExecutorBuilder (OnBeanCondition)

   TaskExecutorConfigurations.TaskExecutorConfiguration#applicationTaskExecutorVirtualThreads:
      Did not match:
         - @ConditionalOnThreading did not find VIRTUAL (OnThreadingCondition)

   TaskSchedulingAutoConfiguration#scheduledBeanLazyInitializationExcludeFilter:
      Did not match:
         - @ConditionalOnBean (names: org.springframework.context.annotation.internalScheduledAnnotationProcessor; SearchStrategy: all) did not find any beans named org.springframework.context.annotation.internalScheduledAnnotationProcessor (OnBeanCondition)

   TaskSchedulingConfigurations.SimpleAsyncTaskSchedulerBuilderConfiguration#simpleAsyncTaskSchedulerBuilderVirtualThreads:
      Did not match:
         - @ConditionalOnMissingBean (types: org.springframework.boot.task.SimpleAsyncTaskSchedulerBuilder; SearchStrategy: all) found beans of type 'org.springframework.boot.task.SimpleAsyncTaskSchedulerBuilder' simpleAsyncTaskSchedulerBuilder (OnBeanCondition)

   TaskSchedulingConfigurations.TaskSchedulerConfiguration:
      Did not match:
         - @ConditionalOnBean (names: org.springframework.context.annotation.internalScheduledAnnotationProcessor; SearchStrategy: all) did not find any beans named org.springframework.context.annotation.internalScheduledAnnotationProcessor (OnBeanCondition)

   TemplateEngineConfigurations.ReactiveTemplateEngineConfiguration:
      Did not match:
         - did not find reactive web application classes (OnWebApplicationCondition)

   ThymeleafAutoConfiguration.DataAttributeDialectConfiguration:
      Did not match:
         - @ConditionalOnClass did not find required class 'com.github.mxab.thymeleaf.extras.dataattribute.dialect.DataAttributeDialect' (OnClassCondition)

   ThymeleafAutoConfiguration.ThymeleafWebFluxConfiguration:
      Did not match:
         - did not find reactive web application classes (OnWebApplicationCondition)

   ThymeleafAutoConfiguration.ThymeleafWebLayoutConfiguration:
      Did not match:
         - @ConditionalOnClass did not find required class 'nz.net.ultraq.thymeleaf.layoutdialect.LayoutDialect' (OnClassCondition)

   ThymeleafAutoConfiguration.ThymeleafWebMvcConfiguration#resourceUrlEncodingFilter:
      Did not match:
         - @ConditionalOnEnabledResourceChain did not find class org.webjars.WebJarAssetLocator (OnEnabledResourceChainCondition)

   TransactionAutoConfiguration#transactionalOperator:
      Did not match:
         - @ConditionalOnSingleCandidate (types: org.springframework.transaction.ReactiveTransactionManager; SearchStrategy: all) did not find any beans (OnBeanCondition)

   TransactionAutoConfiguration.AspectJTransactionManagementConfiguration:
      Did not match:
         - @ConditionalOnBean (types: org.springframework.transaction.aspectj.AbstractTransactionAspect; SearchStrategy: all) did not find any beans of type org.springframework.transaction.aspectj.AbstractTransactionAspect (OnBeanCondition)

   TransactionAutoConfiguration.EnableTransactionManagementConfiguration.JdkDynamicAutoProxyConfiguration:
      Did not match:
         - @ConditionalOnProperty (spring.aop.proxy-target-class=false) did not find property 'proxy-target-class' (OnPropertyCondition)

   UserDetailsServiceAutoConfiguration:
      Did not match:
         - @ConditionalOnMissingBean (types: org.springframework.security.authentication.AuthenticationManager,org.springframework.security.authentication.AuthenticationProvider,org.springframework.security.core.userdetails.UserDetailsService,org.springframework.security.authentication.AuthenticationManagerResolver,org.springframework.security.oauth2.jwt.JwtDecoder; SearchStrategy: all) found beans of type 'org.springframework.security.core.userdetails.UserDetailsService' userServiceImpl and found beans of type 'org.springframework.security.authentication.AuthenticationProvider' authenticationProvider (OnBeanCondition)
      Matched:
         - @ConditionalOnClass found required class 'org.springframework.security.authentication.AuthenticationManager' (OnClassCondition)
         - AnyNestedCondition 1 matched 2 did not; NestedCondition on UserDetailsServiceAutoConfiguration.MissingAlternativeOrUserPropertiesConfigured.PasswordConfigured @ConditionalOnProperty (spring.security.user.password) did not find property 'password'; NestedCondition on UserDetailsServiceAutoConfiguration.MissingAlternativeOrUserPropertiesConfigured.NameConfigured @ConditionalOnProperty (spring.security.user.name) did not find property 'name'; NestedCondition on UserDetailsServiceAutoConfiguration.MissingAlternativeOrUserPropertiesConfigured.MissingAlternative @ConditionalOnMissingClass did not find unwanted classes 'org.springframework.security.oauth2.client.registration.ClientRegistrationRepository', 'org.springframework.security.oauth2.server.resource.introspection.OpaqueTokenIntrospector', 'org.springframework.security.saml2.provider.service.registration.RelyingPartyRegistrationRepository' (UserDetailsServiceAutoConfiguration.MissingAlternativeOrUserPropertiesConfigured)

   WebClientAutoConfiguration:
      Did not match:
         - @ConditionalOnClass did not find required class 'org.springframework.web.reactive.function.client.WebClient' (OnClassCondition)

   WebFluxAutoConfiguration:
      Did not match:
         - @ConditionalOnClass did not find required class 'org.springframework.web.reactive.config.WebFluxConfigurer' (OnClassCondition)

   WebMvcAutoConfiguration#hiddenHttpMethodFilter:
      Did not match:
         - @ConditionalOnProperty (spring.mvc.hiddenmethod.filter.enabled) did not find property 'enabled' (OnPropertyCondition)

   WebMvcAutoConfiguration.ProblemDetailsErrorHandlingConfiguration:
      Did not match:
         - @ConditionalOnProperty (spring.mvc.problemdetails.enabled=true) did not find property 'enabled' (OnPropertyCondition)

   WebMvcAutoConfiguration.ResourceChainCustomizerConfiguration:
      Did not match:
         - @ConditionalOnEnabledResourceChain did not find class org.webjars.WebJarAssetLocator (OnEnabledResourceChainCondition)

   WebMvcAutoConfiguration.WebMvcAutoConfigurationAdapter#beanNameViewResolver:
      Did not match:
         - @ConditionalOnMissingBean (types: org.springframework.web.servlet.view.BeanNameViewResolver; SearchStrategy: all) found beans of type 'org.springframework.web.servlet.view.BeanNameViewResolver' beanNameViewResolver (OnBeanCondition)

   WebServiceTemplateAutoConfiguration:
      Did not match:
         - @ConditionalOnClass did not find required class 'org.springframework.oxm.Marshaller' (OnClassCondition)

   WebServicesAutoConfiguration:
      Did not match:
         - @ConditionalOnClass did not find required class 'org.springframework.ws.transport.http.MessageDispatcherServlet' (OnClassCondition)

   WebSessionIdResolverAutoConfiguration:
      Did not match:
         - @ConditionalOnClass did not find required class 'reactor.core.publisher.Mono' (OnClassCondition)

   WebSocketMessagingAutoConfiguration:
      Did not match:
         - @ConditionalOnClass did not find required class 'org.springframework.web.socket.config.annotation.WebSocketMessageBrokerConfigurer' (OnClassCondition)

   WebSocketReactiveAutoConfiguration:
      Did not match:
         - @ConditionalOnWebApplication did not find reactive web application classes (OnWebApplicationCondition)

   WebSocketServletAutoConfiguration.JettyWebSocketConfiguration:
      Did not match:
         - @ConditionalOnClass did not find required class 'org.eclipse.jetty.ee10.websocket.jakarta.server.config.JakartaWebSocketServletContainerInitializer' (OnClassCondition)

   WebSocketServletAutoConfiguration.UndertowWebSocketConfiguration:
      Did not match:
         - @ConditionalOnClass did not find required class 'io.undertow.websockets.jsr.Bootstrap' (OnClassCondition)

   XADataSourceAutoConfiguration:
      Did not match:
         - @ConditionalOnBean (types: org.springframework.boot.jdbc.XADataSourceWrapper; SearchStrategy: all) did not find any beans of type org.springframework.boot.jdbc.XADataSourceWrapper (OnBeanCondition)
      Matched:
         - @ConditionalOnClass found required classes 'javax.sql.DataSource', 'jakarta.transaction.TransactionManager', 'org.springframework.jdbc.datasource.embedded.EmbeddedDatabaseType' (OnClassCondition)


Exclusions:
-----------

    None


Unconditional classes:
----------------------

    org.springframework.boot.autoconfigure.context.ConfigurationPropertiesAutoConfiguration

    org.springframework.boot.autoconfigure.ssl.SslAutoConfiguration

    org.springframework.boot.autoconfigure.context.LifecycleAutoConfiguration

    org.springframework.boot.autoconfigure.context.PropertyPlaceholderAutoConfiguration

    org.springframework.boot.autoconfigure.availability.ApplicationAvailabilityAutoConfiguration

    org.springframework.boot.autoconfigure.info.ProjectInfoAutoConfiguration



2024-09-30T14:10:17.384+02:00  INFO 18492 --- [RegisterLogIn] [           main] c.e.R.RegisterLogInApplicationTests      : Started RegisterLogInApplicationTests in 7.219 seconds (process running for 8.384)
2024-09-30T14:10:17.391+02:00 DEBUG 18492 --- [RegisterLogIn] [           main] o.s.b.a.ApplicationAvailabilityBean      : Application availability state LivenessState changed to CORRECT
2024-09-30T14:10:17.399+02:00 DEBUG 18492 --- [RegisterLogIn] [           main] o.s.b.a.ApplicationAvailabilityBean      : Application availability state ReadinessState changed to ACCEPTING_TRAFFIC
2024-09-30T14:10:17.403+02:00 DEBUG 18492 --- [RegisterLogIn] [           main] org.springframework.test.context.cache   : Spring test ApplicationContext cache statistics: [DefaultContextCache@85eabca size = 1, maxSize = 32, parentContextCount = 0, hitCount = 0, missCount = 1, failureCount = 0]
2024-09-30T14:10:17.404+02:00 DEBUG 18492 --- [RegisterLogIn] [           main] o.s.t.c.w.ServletTestExecutionListener   : Setting up MockHttpServletRequest, MockHttpServletResponse, ServletWebRequest, and RequestContextHolder for test class com.example.RegisterLogIn.RegisterLogInApplicationTests
2024-09-30T14:10:17.461+02:00 DEBUG 18492 --- [RegisterLogIn] [           main] DependencyInjectionTestExecutionListener : Performing dependency injection for test class com.example.RegisterLogIn.RegisterLogInApplicationTests
2024-09-30T14:10:17.461+02:00 DEBUG 18492 --- [RegisterLogIn] [           main] org.springframework.test.context.cache   : Spring test ApplicationContext cache statistics: [DefaultContextCache@85eabca size = 1, maxSize = 32, parentContextCount = 0, hitCount = 1, missCount = 1, failureCount = 0]
2024-09-30T14:10:17.464+02:00 DEBUG 18492 --- [RegisterLogIn] [           main] org.springframework.test.context.cache   : Spring test ApplicationContext cache statistics: [DefaultContextCache@85eabca size = 1, maxSize = 32, parentContextCount = 0, hitCount = 2, missCount = 1, failureCount = 0]
2024-09-30T14:10:17.479+02:00 DEBUG 18492 --- [RegisterLogIn] [           main] sContextBeforeModesTestExecutionListener : Before test method: class [RegisterLogInApplicationTests], method [contextLoads], class annotated with @DirtiesContext [false] with mode [null], method annotated with @DirtiesContext [false] with mode [null]
2024-09-30T14:10:17.484+02:00 DEBUG 18492 --- [RegisterLogIn] [           main] org.springframework.test.context.cache   : Spring test ApplicationContext cache statistics: [DefaultContextCache@85eabca size = 1, maxSize = 32, parentContextCount = 0, hitCount = 3, missCount = 1, failureCount = 0]
2024-09-30T14:10:17.486+02:00 DEBUG 18492 --- [RegisterLogIn] [           main] org.springframework.test.context.cache   : Spring test ApplicationContext cache statistics: [DefaultContextCache@85eabca size = 1, maxSize = 32, parentContextCount = 0, hitCount = 4, missCount = 1, failureCount = 0]
2024-09-30T14:10:18.240+02:00 DEBUG 18492 --- [RegisterLogIn] [           main] org.springframework.test.context.cache   : Spring test ApplicationContext cache statistics: [DefaultContextCache@85eabca size = 1, maxSize = 32, parentContextCount = 0, hitCount = 5, missCount = 1, failureCount = 0]
2024-09-30T14:10:18.249+02:00 DEBUG 18492 --- [RegisterLogIn] [           main] org.springframework.test.context.cache   : Spring test ApplicationContext cache statistics: [DefaultContextCache@85eabca size = 1, maxSize = 32, parentContextCount = 0, hitCount = 6, missCount = 1, failureCount = 0]
2024-09-30T14:10:18.250+02:00 DEBUG 18492 --- [RegisterLogIn] [           main] org.springframework.test.context.cache   : Spring test ApplicationContext cache statistics: [DefaultContextCache@85eabca size = 1, maxSize = 32, parentContextCount = 0, hitCount = 7, missCount = 1, failureCount = 0]
2024-09-30T14:10:18.250+02:00 DEBUG 18492 --- [RegisterLogIn] [           main] org.springframework.test.context.cache   : Spring test ApplicationContext cache statistics: [DefaultContextCache@85eabca size = 1, maxSize = 32, parentContextCount = 0, hitCount = 8, missCount = 1, failureCount = 0]
2024-09-30T14:10:18.251+02:00 DEBUG 18492 --- [RegisterLogIn] [           main] org.springframework.test.context.cache   : Spring test ApplicationContext cache statistics: [DefaultContextCache@85eabca size = 1, maxSize = 32, parentContextCount = 0, hitCount = 9, missCount = 1, failureCount = 0]
2024-09-30T14:10:18.252+02:00 DEBUG 18492 --- [RegisterLogIn] [           main] org.springframework.test.context.cache   : Spring test ApplicationContext cache statistics: [DefaultContextCache@85eabca size = 1, maxSize = 32, parentContextCount = 0, hitCount = 10, missCount = 1, failureCount = 0]
2024-09-30T14:10:18.253+02:00 DEBUG 18492 --- [RegisterLogIn] [           main] org.springframework.test.context.cache   : Spring test ApplicationContext cache statistics: [DefaultContextCache@85eabca size = 1, maxSize = 32, parentContextCount = 0, hitCount = 11, missCount = 1, failureCount = 0]
2024-09-30T14:10:18.254+02:00 DEBUG 18492 --- [RegisterLogIn] [           main] org.springframework.test.context.cache   : Spring test ApplicationContext cache statistics: [DefaultContextCache@85eabca size = 1, maxSize = 32, parentContextCount = 0, hitCount = 12, missCount = 1, failureCount = 0]
2024-09-30T14:10:18.256+02:00 DEBUG 18492 --- [RegisterLogIn] [           main] .c.s.DirtiesContextTestExecutionListener : After test method: class [RegisterLogInApplicationTests], method [contextLoads], class annotated with @DirtiesContext [false] with mode [null], method annotated with @DirtiesContext [false] with mode [null]
2024-09-30T14:10:18.256+02:00 DEBUG 18492 --- [RegisterLogIn] [           main] o.s.t.c.w.ServletTestExecutionListener   : Resetting RequestContextHolder for test class com.example.RegisterLogIn.RegisterLogInApplicationTests
]]></system-out>
    <system-err><![CDATA[WARNING: A Java agent has been loaded dynamically (C:\Users\T14 GEN 3\.m2\repository\net\bytebuddy\byte-buddy-agent\1.14.19\byte-buddy-agent-1.14.19.jar)
WARNING: If a serviceability tool is in use, please run with -XX:+EnableDynamicAgentLoading to hide this warning
WARNING: If a serviceability tool is not in use, please run with -Djdk.instrument.traceUsage for more information
WARNING: Dynamic loading of agents will be disallowed by default in a future release
]]></system-err>
  </testcase>
</testsuite>